mode: set
github.com/featureform/backup/backup.go:32.38,36.2 3 0
github.com/featureform/backup/backup.go:38.55,40.16 2 1
github.com/featureform/backup/backup.go:40.16,42.3 1 1
github.com/featureform/backup/backup.go:44.2,45.16 2 1
github.com/featureform/backup/backup.go:45.16,47.3 1 0
github.com/featureform/backup/backup.go:48.2,49.16 2 1
github.com/featureform/backup/backup.go:49.16,51.3 1 0
github.com/featureform/backup/backup.go:52.2,52.12 1 1
github.com/featureform/backup/backup.go:55.62,58.16 3 0
github.com/featureform/backup/backup.go:58.16,60.3 1 0
github.com/featureform/backup/backup.go:62.2,64.16 3 0
github.com/featureform/backup/backup.go:64.16,66.3 1 0
github.com/featureform/backup/backup.go:68.2,70.16 3 0
github.com/featureform/backup/backup.go:70.16,72.3 1 0
github.com/featureform/backup/backup.go:73.2,73.12 1 0
github.com/featureform/backup/backup.go:76.70,78.16 2 0
github.com/featureform/backup/backup.go:78.16,80.3 1 0
github.com/featureform/backup/backup.go:81.2,83.61 3 0
github.com/featureform/backup/backup.go:83.61,85.3 1 0
github.com/featureform/backup/backup.go:87.2,88.16 2 0
github.com/featureform/backup/backup.go:88.16,90.3 1 0
github.com/featureform/backup/backup.go:92.2,94.16 3 0
github.com/featureform/backup/backup.go:94.16,96.3 1 0
github.com/featureform/backup/backup.go:97.2,97.12 1 0
github.com/featureform/backup/backup.go:107.48,109.16 2 1
github.com/featureform/backup/backup.go:109.16,111.3 1 0
github.com/featureform/backup/backup.go:112.2,112.62 1 1
github.com/featureform/backup/backup.go:112.62,114.3 1 1
github.com/featureform/backup/backup.go:115.2,115.12 1 1
github.com/featureform/backup/backup.go:118.50,120.16 2 0
github.com/featureform/backup/backup.go:120.16,122.3 1 0
github.com/featureform/backup/backup.go:123.2,124.16 2 0
github.com/featureform/backup/backup.go:124.16,126.3 1 0
github.com/featureform/backup/backup.go:127.2,127.12 1 0
github.com/featureform/backup/backup.go:130.61,132.16 2 1
github.com/featureform/backup/backup.go:132.16,134.3 1 0
github.com/featureform/backup/backup.go:136.2,137.16 2 1
github.com/featureform/backup/backup.go:137.16,139.3 1 1
github.com/featureform/backup/backup.go:140.2,140.12 1 1
github.com/featureform/backup/backup.go:143.77,145.27 2 1
github.com/featureform/backup/backup.go:145.27,150.3 1 1
github.com/featureform/backup/backup.go:151.2,151.15 1 1
github.com/featureform/backup/backup.go:154.61,158.16 4 0
github.com/featureform/backup/backup.go:158.16,160.3 1 0
github.com/featureform/backup/backup.go:161.2,163.16 3 0
github.com/featureform/backup/backup.go:163.16,165.3 1 0
github.com/featureform/backup/backup.go:166.2,167.50 2 0
github.com/featureform/backup/backup.go:167.50,170.3 2 0
github.com/featureform/backup/backup.go:172.2,172.12 1 0
github.com/featureform/backup/backup.go:175.56,176.27 1 0
github.com/featureform/backup/backup.go:176.27,178.17 2 0
github.com/featureform/backup/backup.go:178.17,180.4 1 0
github.com/featureform/backup/backup.go:182.2,182.12 1 0
github.com/featureform/backup/backup.go:185.43,187.16 2 0
github.com/featureform/backup/backup.go:187.16,189.3 1 0
github.com/featureform/backup/backup.go:190.2,190.12 1 0
github.com/featureform/backup/backup.go:193.57,198.2 3 1
github.com/featureform/backup/providers.go:35.31,43.16 3 0
github.com/featureform/backup/providers.go:43.16,45.3 1 0
github.com/featureform/backup/providers.go:47.2,48.16 2 0
github.com/featureform/backup/providers.go:48.16,50.3 1 0
github.com/featureform/backup/providers.go:51.2,52.12 2 0
github.com/featureform/backup/providers.go:55.49,57.43 2 0
github.com/featureform/backup/providers.go:57.43,59.3 1 0
github.com/featureform/backup/providers.go:60.2,61.16 2 0
github.com/featureform/backup/providers.go:61.16,63.3 1 0
github.com/featureform/backup/providers.go:64.2,64.45 1 0
github.com/featureform/backup/providers.go:67.63,69.2 1 0
github.com/featureform/backup/providers.go:71.75,73.16 2 0
github.com/featureform/backup/providers.go:73.16,75.3 1 0
github.com/featureform/backup/providers.go:76.2,76.57 1 0
github.com/featureform/backup/providers.go:88.28,100.16 3 0
github.com/featureform/backup/providers.go:100.16,102.3 1 0
github.com/featureform/backup/providers.go:104.2,105.16 2 0
github.com/featureform/backup/providers.go:105.16,107.3 1 0
github.com/featureform/backup/providers.go:108.2,109.12 2 0
github.com/featureform/backup/providers.go:112.46,114.43 2 0
github.com/featureform/backup/providers.go:114.43,116.3 1 0
github.com/featureform/backup/providers.go:117.2,118.16 2 0
github.com/featureform/backup/providers.go:118.16,120.3 1 0
github.com/featureform/backup/providers.go:121.2,121.45 1 0
github.com/featureform/backup/providers.go:124.60,126.2 1 0
github.com/featureform/backup/providers.go:128.72,130.16 2 0
github.com/featureform/backup/providers.go:130.16,132.3 1 0
github.com/featureform/backup/providers.go:133.2,133.57 1 0
github.com/featureform/backup/providers.go:141.31,146.16 3 1
github.com/featureform/backup/providers.go:146.16,148.3 1 0
github.com/featureform/backup/providers.go:150.2,151.16 2 1
github.com/featureform/backup/providers.go:151.16,153.3 1 0
github.com/featureform/backup/providers.go:154.2,155.12 2 1
github.com/featureform/backup/providers.go:158.49,160.43 2 1
github.com/featureform/backup/providers.go:160.43,162.3 1 0
github.com/featureform/backup/providers.go:163.2,164.16 2 1
github.com/featureform/backup/providers.go:164.16,166.3 1 0
github.com/featureform/backup/providers.go:167.2,167.45 1 1
github.com/featureform/backup/providers.go:170.63,172.2 1 0
github.com/featureform/backup/providers.go:174.75,176.16 2 0
github.com/featureform/backup/providers.go:176.16,178.3 1 0
github.com/featureform/backup/providers.go:179.2,179.57 1 0
github.com/featureform/backup/providers.go:190.55,191.76 1 0
github.com/featureform/backup/providers.go:191.76,193.3 1 0
github.com/featureform/backup/providers.go:193.8,195.3 1 0
github.com/featureform/backup/providers.go:198.71,202.44 3 0
github.com/featureform/backup/providers.go:202.44,205.17 3 0
github.com/featureform/backup/providers.go:205.17,207.4 1 0
github.com/featureform/backup/providers.go:208.8,210.3 1 0
github.com/featureform/backup/providers.go:212.2,213.16 2 0
github.com/featureform/backup/providers.go:213.16,215.3 1 0
github.com/featureform/backup/providers.go:216.2,216.19 1 0
github.com/featureform/backup/providers.go:219.28,221.16 2 0
github.com/featureform/backup/providers.go:221.16,223.3 1 0
github.com/featureform/backup/providers.go:225.2,233.16 3 0
github.com/featureform/backup/providers.go:233.16,235.3 1 0
github.com/featureform/backup/providers.go:237.2,238.16 2 0
github.com/featureform/backup/providers.go:238.16,240.3 1 0
github.com/featureform/backup/providers.go:241.2,242.12 2 0
github.com/featureform/backup/providers.go:245.46,247.43 2 0
github.com/featureform/backup/providers.go:247.43,249.3 1 0
github.com/featureform/backup/providers.go:250.2,251.16 2 0
github.com/featureform/backup/providers.go:251.16,253.3 1 0
github.com/featureform/backup/providers.go:254.2,254.44 1 0
github.com/featureform/backup/providers.go:257.60,259.2 1 0
github.com/featureform/backup/providers.go:261.72,263.16 2 0
github.com/featureform/backup/providers.go:263.16,265.3 1 0
github.com/featureform/backup/providers.go:266.2,266.56 1 0
github.com/featureform/coordinator/coordinator.go:28.108,30.31 2 1
github.com/featureform/coordinator/coordinator.go:30.31,31.45 1 1
github.com/featureform/coordinator/coordinator.go:31.45,33.4 1 1
github.com/featureform/coordinator/coordinator.go:34.3,34.20 1 1
github.com/featureform/coordinator/coordinator.go:36.2,36.103 1 1
github.com/featureform/coordinator/coordinator.go:41.123,44.34 3 0
github.com/featureform/coordinator/coordinator.go:44.34,49.11 5 0
github.com/featureform/coordinator/coordinator.go:49.11,51.4 1 0
github.com/featureform/coordinator/coordinator.go:53.3,53.48 1 0
github.com/featureform/coordinator/coordinator.go:53.48,57.4 3 0
github.com/featureform/coordinator/coordinator.go:57.9,59.4 1 0
github.com/featureform/coordinator/coordinator.go:60.3,61.27 2 0
github.com/featureform/coordinator/coordinator.go:63.2,64.29 2 0
github.com/featureform/coordinator/coordinator.go:67.106,70.34 3 1
github.com/featureform/coordinator/coordinator.go:70.34,75.11 5 1
github.com/featureform/coordinator/coordinator.go:75.11,77.4 1 1
github.com/featureform/coordinator/coordinator.go:78.3,79.27 2 1
github.com/featureform/coordinator/coordinator.go:81.2,81.23 1 1
github.com/featureform/coordinator/coordinator.go:99.50,101.16 2 1
github.com/featureform/coordinator/coordinator.go:101.16,102.13 1 0
github.com/featureform/coordinator/coordinator.go:104.2,104.20 1 1
github.com/featureform/coordinator/coordinator.go:107.55,109.16 2 0
github.com/featureform/coordinator/coordinator.go:109.16,111.3 1 0
github.com/featureform/coordinator/coordinator.go:112.2,112.12 1 0
github.com/featureform/coordinator/coordinator.go:115.115,117.37 2 0
github.com/featureform/coordinator/coordinator.go:117.37,119.17 2 0
github.com/featureform/coordinator/coordinator.go:119.17,121.4 1 0
github.com/featureform/coordinator/coordinator.go:122.3,123.38 2 0
github.com/featureform/coordinator/coordinator.go:123.38,125.4 1 0
github.com/featureform/coordinator/coordinator.go:126.3,126.37 1 0
github.com/featureform/coordinator/coordinator.go:126.37,128.4 1 0
github.com/featureform/coordinator/coordinator.go:129.3,129.30 1 0
github.com/featureform/coordinator/coordinator.go:131.2,131.77 1 0
github.com/featureform/coordinator/coordinator.go:134.118,136.38 2 0
github.com/featureform/coordinator/coordinator.go:136.38,138.17 2 0
github.com/featureform/coordinator/coordinator.go:138.17,140.4 1 0
github.com/featureform/coordinator/coordinator.go:141.3,142.39 2 0
github.com/featureform/coordinator/coordinator.go:142.39,144.4 1 0
github.com/featureform/coordinator/coordinator.go:145.3,145.38 1 0
github.com/featureform/coordinator/coordinator.go:145.38,147.4 1 0
github.com/featureform/coordinator/coordinator.go:148.3,148.30 1 0
github.com/featureform/coordinator/coordinator.go:150.2,150.79 1 0
github.com/featureform/coordinator/coordinator.go:153.112,155.36 2 0
github.com/featureform/coordinator/coordinator.go:155.36,157.17 2 0
github.com/featureform/coordinator/coordinator.go:157.17,159.4 1 0
github.com/featureform/coordinator/coordinator.go:160.3,161.37 2 0
github.com/featureform/coordinator/coordinator.go:161.37,163.4 1 0
github.com/featureform/coordinator/coordinator.go:164.3,164.36 1 0
github.com/featureform/coordinator/coordinator.go:164.36,166.4 1 0
github.com/featureform/coordinator/coordinator.go:167.3,167.30 1 0
github.com/featureform/coordinator/coordinator.go:169.2,169.75 1 0
github.com/featureform/coordinator/coordinator.go:172.106,173.37 1 0
github.com/featureform/coordinator/coordinator.go:173.37,177.3 1 0
github.com/featureform/coordinator/coordinator.go:178.2,178.38 1 0
github.com/featureform/coordinator/coordinator.go:178.38,182.3 1 0
github.com/featureform/coordinator/coordinator.go:183.2,183.80 1 0
github.com/featureform/coordinator/coordinator.go:196.39,198.2 1 0
github.com/featureform/coordinator/coordinator.go:200.148,203.16 3 1
github.com/featureform/coordinator/coordinator.go:203.16,205.3 1 0
github.com/featureform/coordinator/coordinator.go:206.2,222.16 6 1
github.com/featureform/coordinator/coordinator.go:222.16,224.3 1 1
github.com/featureform/coordinator/coordinator.go:225.2,225.23 1 0
github.com/featureform/coordinator/coordinator.go:228.144,230.16 2 1
github.com/featureform/coordinator/coordinator.go:230.16,232.3 1 1
github.com/featureform/coordinator/coordinator.go:233.2,233.23 1 0
github.com/featureform/coordinator/coordinator.go:236.135,247.2 3 0
github.com/featureform/coordinator/coordinator.go:251.61,252.20 1 1
github.com/featureform/coordinator/coordinator.go:253.28,254.21 1 1
github.com/featureform/coordinator/coordinator.go:255.34,256.81 1 1
github.com/featureform/coordinator/coordinator.go:257.36,258.81 1 1
github.com/featureform/coordinator/coordinator.go:259.10,260.76 1 1
github.com/featureform/coordinator/coordinator.go:264.47,267.16 3 0
github.com/featureform/coordinator/coordinator.go:267.16,269.3 1 0
github.com/featureform/coordinator/coordinator.go:270.2,270.33 1 0
github.com/featureform/coordinator/coordinator.go:270.33,271.32 1 0
github.com/featureform/coordinator/coordinator.go:271.32,273.18 2 0
github.com/featureform/coordinator/coordinator.go:273.18,275.5 1 0
github.com/featureform/coordinator/coordinator.go:278.2,278.6 1 0
github.com/featureform/coordinator/coordinator.go:278.6,280.26 2 0
github.com/featureform/coordinator/coordinator.go:280.26,281.36 1 0
github.com/featureform/coordinator/coordinator.go:281.36,282.30 1 0
github.com/featureform/coordinator/coordinator.go:282.30,283.34 1 0
github.com/featureform/coordinator/coordinator.go:283.34,285.21 2 0
github.com/featureform/coordinator/coordinator.go:285.21,287.8 1 0
github.com/featureform/coordinator/coordinator.go:296.52,298.6 2 0
github.com/featureform/coordinator/coordinator.go:298.6,300.26 2 0
github.com/featureform/coordinator/coordinator.go:300.26,301.36 1 0
github.com/featureform/coordinator/coordinator.go:301.36,302.21 1 0
github.com/featureform/coordinator/coordinator.go:302.21,303.34 1 0
github.com/featureform/coordinator/coordinator.go:303.34,305.21 2 0
github.com/featureform/coordinator/coordinator.go:305.21,307.8 1 0
github.com/featureform/coordinator/coordinator.go:314.2,314.12 1 0
github.com/featureform/coordinator/coordinator.go:317.55,320.16 3 0
github.com/featureform/coordinator/coordinator.go:320.16,322.3 1 0
github.com/featureform/coordinator/coordinator.go:323.2,323.33 1 0
github.com/featureform/coordinator/coordinator.go:323.33,324.32 1 0
github.com/featureform/coordinator/coordinator.go:324.32,326.18 2 0
github.com/featureform/coordinator/coordinator.go:326.18,328.5 1 0
github.com/featureform/coordinator/coordinator.go:331.2,331.6 1 0
github.com/featureform/coordinator/coordinator.go:331.6,333.26 2 0
github.com/featureform/coordinator/coordinator.go:333.26,334.36 1 0
github.com/featureform/coordinator/coordinator.go:334.36,335.21 1 0
github.com/featureform/coordinator/coordinator.go:335.21,336.34 1 0
github.com/featureform/coordinator/coordinator.go:336.34,338.21 2 0
github.com/featureform/coordinator/coordinator.go:338.21,340.8 1 0
github.com/featureform/coordinator/coordinator.go:347.2,347.12 1 0
github.com/featureform/coordinator/coordinator.go:350.106,352.38 2 0
github.com/featureform/coordinator/coordinator.go:352.38,354.17 2 0
github.com/featureform/coordinator/coordinator.go:354.17,356.4 1 0
github.com/featureform/coordinator/coordinator.go:357.3,357.40 1 0
github.com/featureform/coordinator/coordinator.go:357.40,359.4 1 0
github.com/featureform/coordinator/coordinator.go:360.3,363.17 4 0
github.com/featureform/coordinator/coordinator.go:363.17,365.4 1 0
github.com/featureform/coordinator/coordinator.go:367.3,367.156 1 0
github.com/featureform/coordinator/coordinator.go:367.156,370.18 3 0
github.com/featureform/coordinator/coordinator.go:370.18,372.5 1 0
github.com/featureform/coordinator/coordinator.go:373.9,376.18 3 0
github.com/featureform/coordinator/coordinator.go:376.18,378.5 1 0
github.com/featureform/coordinator/coordinator.go:380.3,380.52 1 0
github.com/featureform/coordinator/coordinator.go:382.2,382.23 1 0
github.com/featureform/coordinator/coordinator.go:385.36,387.2 1 1
github.com/featureform/coordinator/coordinator.go:389.87,391.16 2 0
github.com/featureform/coordinator/coordinator.go:391.16,393.17 2 0
github.com/featureform/coordinator/coordinator.go:393.17,395.4 1 0
github.com/featureform/coordinator/coordinator.go:396.3,398.48 3 0
github.com/featureform/coordinator/coordinator.go:398.48,399.48 1 0
github.com/featureform/coordinator/coordinator.go:399.48,401.5 1 0
github.com/featureform/coordinator/coordinator.go:402.4,402.49 1 0
github.com/featureform/coordinator/coordinator.go:402.49,404.5 1 0
github.com/featureform/coordinator/coordinator.go:406.3,407.30 2 0
github.com/featureform/coordinator/coordinator.go:409.2,409.12 1 0
github.com/featureform/coordinator/coordinator.go:412.181,414.16 2 0
github.com/featureform/coordinator/coordinator.go:414.16,416.3 1 0
github.com/featureform/coordinator/coordinator.go:418.2,419.16 2 0
github.com/featureform/coordinator/coordinator.go:419.16,421.3 1 0
github.com/featureform/coordinator/coordinator.go:423.2,431.16 4 0
github.com/featureform/coordinator/coordinator.go:431.16,433.3 1 0
github.com/featureform/coordinator/coordinator.go:434.2,436.16 3 0
github.com/featureform/coordinator/coordinator.go:436.16,438.3 1 0
github.com/featureform/coordinator/coordinator.go:439.2,441.16 3 0
github.com/featureform/coordinator/coordinator.go:441.16,443.3 1 0
github.com/featureform/coordinator/coordinator.go:444.2,445.49 2 0
github.com/featureform/coordinator/coordinator.go:445.49,447.3 1 0
github.com/featureform/coordinator/coordinator.go:448.2,449.88 2 0
github.com/featureform/coordinator/coordinator.go:449.88,449.168 1 0
github.com/featureform/coordinator/coordinator.go:449.182,451.3 1 0
github.com/featureform/coordinator/coordinator.go:452.2,453.20 2 0
github.com/featureform/coordinator/coordinator.go:453.20,461.17 3 0
github.com/featureform/coordinator/coordinator.go:461.17,463.4 1 0
github.com/featureform/coordinator/coordinator.go:464.3,465.17 2 0
github.com/featureform/coordinator/coordinator.go:465.17,467.4 1 0
github.com/featureform/coordinator/coordinator.go:468.3,469.20 2 0
github.com/featureform/coordinator/coordinator.go:469.20,471.4 1 0
github.com/featureform/coordinator/coordinator.go:472.3,472.83 1 0
github.com/featureform/coordinator/coordinator.go:472.83,474.4 1 0
github.com/featureform/coordinator/coordinator.go:475.3,475.95 1 0
github.com/featureform/coordinator/coordinator.go:475.95,477.4 1 0
github.com/featureform/coordinator/coordinator.go:479.2,479.12 1 0
github.com/featureform/coordinator/coordinator.go:482.209,488.16 5 0
github.com/featureform/coordinator/coordinator.go:488.16,490.3 1 0
github.com/featureform/coordinator/coordinator.go:492.2,493.16 2 0
github.com/featureform/coordinator/coordinator.go:493.16,495.3 1 0
github.com/featureform/coordinator/coordinator.go:496.2,497.16 2 0
github.com/featureform/coordinator/coordinator.go:497.16,499.3 1 0
github.com/featureform/coordinator/coordinator.go:501.2,503.16 3 0
github.com/featureform/coordinator/coordinator.go:503.16,505.3 1 0
github.com/featureform/coordinator/coordinator.go:507.2,518.16 5 0
github.com/featureform/coordinator/coordinator.go:518.16,520.3 1 0
github.com/featureform/coordinator/coordinator.go:522.2,522.12 1 0
github.com/featureform/coordinator/coordinator.go:525.208,531.16 5 0
github.com/featureform/coordinator/coordinator.go:531.16,533.3 1 0
github.com/featureform/coordinator/coordinator.go:535.2,536.16 2 0
github.com/featureform/coordinator/coordinator.go:536.16,538.3 1 0
github.com/featureform/coordinator/coordinator.go:540.2,541.16 2 0
github.com/featureform/coordinator/coordinator.go:541.16,543.3 1 0
github.com/featureform/coordinator/coordinator.go:545.2,556.16 5 0
github.com/featureform/coordinator/coordinator.go:556.16,558.3 1 0
github.com/featureform/coordinator/coordinator.go:560.2,560.12 1 0
github.com/featureform/coordinator/coordinator.go:563.126,565.29 2 1
github.com/featureform/coordinator/coordinator.go:565.29,568.14 3 1
github.com/featureform/coordinator/coordinator.go:568.14,570.4 1 1
github.com/featureform/coordinator/coordinator.go:571.3,571.84 1 1
github.com/featureform/coordinator/coordinator.go:573.2,573.27 1 1
github.com/featureform/coordinator/coordinator.go:576.160,579.37 3 0
github.com/featureform/coordinator/coordinator.go:579.37,581.3 1 0
github.com/featureform/coordinator/coordinator.go:582.2,583.22 2 0
github.com/featureform/coordinator/coordinator.go:583.22,585.3 1 0
github.com/featureform/coordinator/coordinator.go:586.2,586.103 1 0
github.com/featureform/coordinator/coordinator.go:586.103,588.3 1 0
github.com/featureform/coordinator/coordinator.go:589.2,589.94 1 0
github.com/featureform/coordinator/coordinator.go:589.94,591.3 1 0
github.com/featureform/coordinator/coordinator.go:592.2,592.12 1 0
github.com/featureform/coordinator/coordinator.go:595.94,598.16 3 0
github.com/featureform/coordinator/coordinator.go:598.16,600.3 1 0
github.com/featureform/coordinator/coordinator.go:601.2,602.16 2 0
github.com/featureform/coordinator/coordinator.go:602.16,604.3 1 0
github.com/featureform/coordinator/coordinator.go:605.2,606.16 2 0
github.com/featureform/coordinator/coordinator.go:606.16,608.3 1 0
github.com/featureform/coordinator/coordinator.go:609.2,610.16 2 0
github.com/featureform/coordinator/coordinator.go:610.16,612.3 1 0
github.com/featureform/coordinator/coordinator.go:613.2,613.48 1 0
github.com/featureform/coordinator/coordinator.go:613.48,615.17 2 0
github.com/featureform/coordinator/coordinator.go:615.17,617.4 1 0
github.com/featureform/coordinator/coordinator.go:619.2,619.34 1 0
github.com/featureform/coordinator/coordinator.go:619.34,621.3 1 0
github.com/featureform/coordinator/coordinator.go:621.8,621.40 1 0
github.com/featureform/coordinator/coordinator.go:621.40,623.3 1 0
github.com/featureform/coordinator/coordinator.go:623.8,623.43 1 0
github.com/featureform/coordinator/coordinator.go:623.43,625.3 1 0
github.com/featureform/coordinator/coordinator.go:625.8,627.3 1 0
github.com/featureform/coordinator/coordinator.go:630.93,633.16 3 0
github.com/featureform/coordinator/coordinator.go:633.16,635.3 1 0
github.com/featureform/coordinator/coordinator.go:637.2,638.16 2 0
github.com/featureform/coordinator/coordinator.go:638.16,640.3 1 0
github.com/featureform/coordinator/coordinator.go:642.2,646.16 4 0
github.com/featureform/coordinator/coordinator.go:646.16,648.3 1 0
github.com/featureform/coordinator/coordinator.go:649.2,650.16 2 0
github.com/featureform/coordinator/coordinator.go:650.16,652.3 1 0
github.com/featureform/coordinator/coordinator.go:653.2,654.16 2 0
github.com/featureform/coordinator/coordinator.go:654.16,656.3 1 0
github.com/featureform/coordinator/coordinator.go:657.2,658.16 2 0
github.com/featureform/coordinator/coordinator.go:658.16,660.3 1 0
github.com/featureform/coordinator/coordinator.go:661.2,661.48 1 0
github.com/featureform/coordinator/coordinator.go:661.48,663.17 2 0
github.com/featureform/coordinator/coordinator.go:663.17,665.4 1 0
github.com/featureform/coordinator/coordinator.go:667.2,668.65 2 0
github.com/featureform/coordinator/coordinator.go:668.65,671.17 3 0
github.com/featureform/coordinator/coordinator.go:671.17,673.4 1 0
github.com/featureform/coordinator/coordinator.go:674.3,674.42 1 0
github.com/featureform/coordinator/coordinator.go:675.8,675.43 1 0
github.com/featureform/coordinator/coordinator.go:675.43,678.17 3 0
github.com/featureform/coordinator/coordinator.go:678.17,680.4 1 0
github.com/featureform/coordinator/coordinator.go:681.3,681.42 1 0
github.com/featureform/coordinator/coordinator.go:684.2,698.16 6 0
github.com/featureform/coordinator/coordinator.go:698.16,700.3 1 0
github.com/featureform/coordinator/coordinator.go:701.2,703.94 2 0
github.com/featureform/coordinator/coordinator.go:703.94,705.3 1 0
github.com/featureform/coordinator/coordinator.go:706.2,706.12 1 0
github.com/featureform/coordinator/coordinator.go:709.98,712.16 3 0
github.com/featureform/coordinator/coordinator.go:712.16,714.3 1 0
github.com/featureform/coordinator/coordinator.go:715.2,717.16 3 0
github.com/featureform/coordinator/coordinator.go:717.16,719.3 1 0
github.com/featureform/coordinator/coordinator.go:721.2,723.16 3 0
github.com/featureform/coordinator/coordinator.go:723.16,725.3 1 0
github.com/featureform/coordinator/coordinator.go:726.2,727.16 2 0
github.com/featureform/coordinator/coordinator.go:727.16,729.3 1 0
github.com/featureform/coordinator/coordinator.go:730.2,731.16 2 0
github.com/featureform/coordinator/coordinator.go:731.16,733.3 1 0
github.com/featureform/coordinator/coordinator.go:734.2,735.16 2 0
github.com/featureform/coordinator/coordinator.go:735.16,737.3 1 0
github.com/featureform/coordinator/coordinator.go:738.2,738.48 1 0
github.com/featureform/coordinator/coordinator.go:738.48,740.17 2 0
github.com/featureform/coordinator/coordinator.go:740.17,742.4 1 0
github.com/featureform/coordinator/coordinator.go:745.2,746.30 2 0
github.com/featureform/coordinator/coordinator.go:746.30,748.17 2 0
github.com/featureform/coordinator/coordinator.go:748.17,750.4 1 0
github.com/featureform/coordinator/coordinator.go:753.2,754.27 2 0
github.com/featureform/coordinator/coordinator.go:754.27,760.3 1 0
github.com/featureform/coordinator/coordinator.go:760.8,762.3 1 0
github.com/featureform/coordinator/coordinator.go:764.2,765.65 2 0
github.com/featureform/coordinator/coordinator.go:765.65,768.17 3 0
github.com/featureform/coordinator/coordinator.go:768.17,770.4 1 0
github.com/featureform/coordinator/coordinator.go:771.3,771.42 1 0
github.com/featureform/coordinator/coordinator.go:772.8,772.43 1 0
github.com/featureform/coordinator/coordinator.go:772.43,775.17 3 0
github.com/featureform/coordinator/coordinator.go:775.17,777.4 1 0
github.com/featureform/coordinator/coordinator.go:778.3,778.42 1 0
github.com/featureform/coordinator/coordinator.go:781.2,795.16 6 0
github.com/featureform/coordinator/coordinator.go:795.16,797.3 1 0
github.com/featureform/coordinator/coordinator.go:798.2,809.28 3 0
github.com/featureform/coordinator/coordinator.go:809.28,812.3 2 0
github.com/featureform/coordinator/coordinator.go:812.8,814.3 1 0
github.com/featureform/coordinator/coordinator.go:816.2,817.16 2 0
github.com/featureform/coordinator/coordinator.go:817.16,819.3 1 0
github.com/featureform/coordinator/coordinator.go:821.2,822.20 2 0
github.com/featureform/coordinator/coordinator.go:822.20,824.3 1 0
github.com/featureform/coordinator/coordinator.go:824.8,824.32 1 0
github.com/featureform/coordinator/coordinator.go:824.32,826.3 1 0
github.com/featureform/coordinator/coordinator.go:826.8,828.3 1 0
github.com/featureform/coordinator/coordinator.go:829.2,829.31 1 0
github.com/featureform/coordinator/coordinator.go:829.31,831.3 1 0
github.com/featureform/coordinator/coordinator.go:833.2,834.94 2 0
github.com/featureform/coordinator/coordinator.go:834.94,836.3 1 0
github.com/featureform/coordinator/coordinator.go:837.2,837.12 1 0
github.com/featureform/coordinator/coordinator.go:840.112,843.16 3 0
github.com/featureform/coordinator/coordinator.go:843.16,845.3 1 0
github.com/featureform/coordinator/coordinator.go:846.2,847.16 2 0
github.com/featureform/coordinator/coordinator.go:847.16,849.3 1 0
github.com/featureform/coordinator/coordinator.go:850.2,851.16 2 0
github.com/featureform/coordinator/coordinator.go:851.16,853.3 1 0
github.com/featureform/coordinator/coordinator.go:854.2,854.49 1 0
github.com/featureform/coordinator/coordinator.go:854.49,856.3 1 0
github.com/featureform/coordinator/coordinator.go:857.2,857.12 1 0
github.com/featureform/coordinator/coordinator.go:860.139,864.16 4 0
github.com/featureform/coordinator/coordinator.go:864.16,866.3 1 0
github.com/featureform/coordinator/coordinator.go:867.2,868.16 2 0
github.com/featureform/coordinator/coordinator.go:868.16,870.3 1 0
github.com/featureform/coordinator/coordinator.go:871.2,872.19 2 0
github.com/featureform/coordinator/coordinator.go:872.19,874.3 1 0
github.com/featureform/coordinator/coordinator.go:875.2,875.82 1 0
github.com/featureform/coordinator/coordinator.go:875.82,877.3 1 0
github.com/featureform/coordinator/coordinator.go:878.2,878.12 1 0
github.com/featureform/coordinator/coordinator.go:881.158,884.26 3 0
github.com/featureform/coordinator/coordinator.go:884.26,886.3 1 0
github.com/featureform/coordinator/coordinator.go:887.2,887.61 1 0
github.com/featureform/coordinator/coordinator.go:887.61,889.3 1 0
github.com/featureform/coordinator/coordinator.go:890.2,891.16 2 0
github.com/featureform/coordinator/coordinator.go:891.16,893.3 1 0
github.com/featureform/coordinator/coordinator.go:894.2,895.16 2 0
github.com/featureform/coordinator/coordinator.go:895.16,897.3 1 0
github.com/featureform/coordinator/coordinator.go:898.2,899.16 2 0
github.com/featureform/coordinator/coordinator.go:899.16,901.3 1 0
github.com/featureform/coordinator/coordinator.go:902.2,902.49 1 0
github.com/featureform/coordinator/coordinator.go:902.49,904.3 1 0
github.com/featureform/coordinator/coordinator.go:905.2,906.12 2 0
github.com/featureform/coordinator/coordinator.go:909.87,910.83 1 0
github.com/featureform/coordinator/coordinator.go:910.83,913.80 3 0
github.com/featureform/coordinator/coordinator.go:913.80,915.4 1 0
github.com/featureform/coordinator/coordinator.go:916.3,916.34 1 0
github.com/featureform/coordinator/coordinator.go:918.2,918.19 1 0
github.com/featureform/coordinator/coordinator.go:921.91,924.16 3 0
github.com/featureform/coordinator/coordinator.go:924.16,926.3 1 0
github.com/featureform/coordinator/coordinator.go:928.2,929.16 2 0
github.com/featureform/coordinator/coordinator.go:929.16,931.3 1 0
github.com/featureform/coordinator/coordinator.go:933.2,934.16 2 0
github.com/featureform/coordinator/coordinator.go:934.16,936.3 1 0
github.com/featureform/coordinator/coordinator.go:937.2,938.16 2 0
github.com/featureform/coordinator/coordinator.go:938.16,940.3 1 0
github.com/featureform/coordinator/coordinator.go:941.2,942.16 2 0
github.com/featureform/coordinator/coordinator.go:942.16,944.3 1 0
github.com/featureform/coordinator/coordinator.go:945.2,945.42 1 0
github.com/featureform/coordinator/coordinator.go:945.42,947.17 2 0
github.com/featureform/coordinator/coordinator.go:947.17,949.4 1 0
github.com/featureform/coordinator/coordinator.go:951.2,953.63 2 0
github.com/featureform/coordinator/coordinator.go:953.63,955.3 1 0
github.com/featureform/coordinator/coordinator.go:956.2,958.35 3 0
github.com/featureform/coordinator/coordinator.go:958.35,961.17 3 0
github.com/featureform/coordinator/coordinator.go:961.17,963.4 1 0
github.com/featureform/coordinator/coordinator.go:964.3,966.17 3 0
github.com/featureform/coordinator/coordinator.go:966.17,968.4 1 0
github.com/featureform/coordinator/coordinator.go:969.3,970.17 2 0
github.com/featureform/coordinator/coordinator.go:970.17,972.4 1 0
github.com/featureform/coordinator/coordinator.go:975.2,977.41 3 0
github.com/featureform/coordinator/coordinator.go:977.41,984.3 1 0
github.com/featureform/coordinator/coordinator.go:986.2,987.16 2 0
github.com/featureform/coordinator/coordinator.go:987.16,989.3 1 0
github.com/featureform/coordinator/coordinator.go:990.2,992.16 3 0
github.com/featureform/coordinator/coordinator.go:992.16,994.3 1 0
github.com/featureform/coordinator/coordinator.go:995.2,996.16 2 0
github.com/featureform/coordinator/coordinator.go:996.16,998.3 1 0
github.com/featureform/coordinator/coordinator.go:999.2,1013.16 5 0
github.com/featureform/coordinator/coordinator.go:1013.16,1015.3 1 0
github.com/featureform/coordinator/coordinator.go:1016.2,1017.16 2 0
github.com/featureform/coordinator/coordinator.go:1017.16,1019.3 1 0
github.com/featureform/coordinator/coordinator.go:1020.2,1020.49 1 0
github.com/featureform/coordinator/coordinator.go:1020.49,1022.3 1 0
github.com/featureform/coordinator/coordinator.go:1023.2,1023.94 1 0
github.com/featureform/coordinator/coordinator.go:1023.94,1025.3 1 0
github.com/featureform/coordinator/coordinator.go:1026.2,1026.20 1 0
github.com/featureform/coordinator/coordinator.go:1026.20,1034.17 3 0
github.com/featureform/coordinator/coordinator.go:1034.17,1036.4 1 0
github.com/featureform/coordinator/coordinator.go:1037.3,1038.17 2 0
github.com/featureform/coordinator/coordinator.go:1038.17,1040.4 1 0
github.com/featureform/coordinator/coordinator.go:1041.3,1042.20 2 0
github.com/featureform/coordinator/coordinator.go:1042.20,1044.4 1 0
github.com/featureform/coordinator/coordinator.go:1045.3,1045.83 1 0
github.com/featureform/coordinator/coordinator.go:1045.83,1047.4 1 0
github.com/featureform/coordinator/coordinator.go:1048.3,1048.95 1 0
github.com/featureform/coordinator/coordinator.go:1048.95,1050.4 1 0
github.com/featureform/coordinator/coordinator.go:1052.2,1052.12 1 0
github.com/featureform/coordinator/coordinator.go:1055.100,1059.16 4 0
github.com/featureform/coordinator/coordinator.go:1059.16,1061.3 1 0
github.com/featureform/coordinator/coordinator.go:1062.2,1063.14 2 0
github.com/featureform/coordinator/coordinator.go:1063.14,1065.3 1 0
github.com/featureform/coordinator/coordinator.go:1066.2,1068.27 3 0
github.com/featureform/coordinator/coordinator.go:1068.27,1070.3 1 0
github.com/featureform/coordinator/coordinator.go:1071.2,1073.55 3 0
github.com/featureform/coordinator/coordinator.go:1073.55,1075.3 1 0
github.com/featureform/coordinator/coordinator.go:1076.2,1076.17 1 0
github.com/featureform/coordinator/coordinator.go:1079.119,1082.16 3 0
github.com/featureform/coordinator/coordinator.go:1082.16,1084.3 1 0
github.com/featureform/coordinator/coordinator.go:1085.2,1087.16 3 0
github.com/featureform/coordinator/coordinator.go:1087.16,1089.3 1 0
github.com/featureform/coordinator/coordinator.go:1090.2,1091.14 2 0
github.com/featureform/coordinator/coordinator.go:1091.14,1093.3 1 0
github.com/featureform/coordinator/coordinator.go:1094.2,1094.12 1 0
github.com/featureform/coordinator/coordinator.go:1097.75,1101.16 4 0
github.com/featureform/coordinator/coordinator.go:1101.16,1103.3 1 0
github.com/featureform/coordinator/coordinator.go:1104.2,1105.14 2 0
github.com/featureform/coordinator/coordinator.go:1105.14,1107.3 1 0
github.com/featureform/coordinator/coordinator.go:1108.2,1110.21 3 0
github.com/featureform/coordinator/coordinator.go:1110.21,1112.3 1 0
github.com/featureform/coordinator/coordinator.go:1113.2,1114.12 2 0
github.com/featureform/coordinator/coordinator.go:1117.68,1119.16 2 0
github.com/featureform/coordinator/coordinator.go:1119.16,1121.3 1 0
github.com/featureform/coordinator/coordinator.go:1122.2,1123.24 2 0
github.com/featureform/coordinator/coordinator.go:1123.24,1125.3 1 0
github.com/featureform/coordinator/coordinator.go:1126.2,1126.19 1 0
github.com/featureform/coordinator/coordinator.go:1129.104,1131.55 2 0
github.com/featureform/coordinator/coordinator.go:1131.55,1134.3 2 0
github.com/featureform/coordinator/coordinator.go:1135.2,1135.17 1 0
github.com/featureform/coordinator/coordinator.go:1138.55,1141.16 3 0
github.com/featureform/coordinator/coordinator.go:1141.16,1143.3 1 0
github.com/featureform/coordinator/coordinator.go:1144.2,1146.16 3 0
github.com/featureform/coordinator/coordinator.go:1146.16,1148.3 1 0
github.com/featureform/coordinator/coordinator.go:1149.2,1149.15 1 0
github.com/featureform/coordinator/coordinator.go:1149.15,1150.58 1 0
github.com/featureform/coordinator/coordinator.go:1150.58,1152.4 1 0
github.com/featureform/coordinator/coordinator.go:1154.2,1155.16 2 0
github.com/featureform/coordinator/coordinator.go:1155.16,1157.3 1 0
github.com/featureform/coordinator/coordinator.go:1158.2,1159.33 2 0
github.com/featureform/coordinator/coordinator.go:1159.33,1160.50 1 0
github.com/featureform/coordinator/coordinator.go:1160.50,1163.4 2 0
github.com/featureform/coordinator/coordinator.go:1164.3,1164.95 1 0
github.com/featureform/coordinator/coordinator.go:1166.2,1166.65 1 0
github.com/featureform/coordinator/coordinator.go:1166.65,1168.3 1 0
github.com/featureform/coordinator/coordinator.go:1169.2,1177.10 4 0
github.com/featureform/coordinator/coordinator.go:1177.10,1179.3 1 0
github.com/featureform/coordinator/coordinator.go:1181.2,1181.60 1 0
github.com/featureform/coordinator/coordinator.go:1181.60,1182.21 1 0
github.com/featureform/coordinator/coordinator.go:1183.35,1184.14 1 0
github.com/featureform/coordinator/coordinator.go:1185.11,1187.81 2 0
github.com/featureform/coordinator/coordinator.go:1190.2,1191.49 2 0
github.com/featureform/coordinator/coordinator.go:1191.49,1194.3 2 0
github.com/featureform/coordinator/coordinator.go:1195.2,1195.12 1 0
github.com/featureform/coordinator/coordinator.go:1203.60,1205.16 2 0
github.com/featureform/coordinator/coordinator.go:1205.16,1206.13 1 0
github.com/featureform/coordinator/coordinator.go:1208.2,1208.20 1 0
github.com/featureform/coordinator/coordinator.go:1211.65,1213.16 2 0
github.com/featureform/coordinator/coordinator.go:1213.16,1215.3 1 0
github.com/featureform/coordinator/coordinator.go:1216.2,1216.12 1 0
github.com/featureform/coordinator/coordinator.go:1219.76,1222.16 3 0
github.com/featureform/coordinator/coordinator.go:1222.16,1224.3 1 0
github.com/featureform/coordinator/coordinator.go:1225.2,1227.16 3 0
github.com/featureform/coordinator/coordinator.go:1227.16,1229.3 1 0
github.com/featureform/coordinator/coordinator.go:1230.2,1230.15 1 0
github.com/featureform/coordinator/coordinator.go:1230.15,1231.58 1 0
github.com/featureform/coordinator/coordinator.go:1231.58,1233.4 1 0
github.com/featureform/coordinator/coordinator.go:1235.2,1236.67 2 0
github.com/featureform/coordinator/coordinator.go:1236.67,1238.3 1 0
github.com/featureform/coordinator/coordinator.go:1239.2,1239.115 1 0
github.com/featureform/coordinator/coordinator.go:1239.115,1241.3 1 0
github.com/featureform/coordinator/coordinator.go:1242.2,1243.46 2 0
github.com/featureform/coordinator/coordinator.go:1243.46,1245.3 1 0
github.com/featureform/coordinator/coordinator.go:1246.2,1246.12 1 0
github.com/featureform/coordinator/coordinator.go:1249.73,1252.16 3 0
github.com/featureform/coordinator/coordinator.go:1252.16,1254.3 1 0
github.com/featureform/coordinator/coordinator.go:1255.2,1255.37 1 0
github.com/featureform/coordinator/coordinator.go:1255.37,1257.17 2 0
github.com/featureform/coordinator/coordinator.go:1257.17,1259.4 1 0
github.com/featureform/coordinator/coordinator.go:1261.2,1262.16 2 0
github.com/featureform/coordinator/coordinator.go:1262.16,1264.3 1 0
github.com/featureform/coordinator/coordinator.go:1265.2,1265.15 1 0
github.com/featureform/coordinator/coordinator.go:1265.15,1266.58 1 0
github.com/featureform/coordinator/coordinator.go:1266.58,1268.4 1 0
github.com/featureform/coordinator/coordinator.go:1270.2,1271.74 2 0
github.com/featureform/coordinator/coordinator.go:1271.74,1273.3 1 0
github.com/featureform/coordinator/coordinator.go:1274.2,1275.16 2 0
github.com/featureform/coordinator/coordinator.go:1275.16,1277.3 1 0
github.com/featureform/coordinator/coordinator.go:1278.2,1280.16 3 0
github.com/featureform/coordinator/coordinator.go:1280.16,1282.3 1 0
github.com/featureform/coordinator/coordinator.go:1283.2,1284.16 2 0
github.com/featureform/coordinator/coordinator.go:1284.16,1286.3 1 0
github.com/featureform/coordinator/coordinator.go:1287.2,1288.60 2 0
github.com/featureform/coordinator/coordinator.go:1288.60,1290.3 1 0
github.com/featureform/coordinator/coordinator.go:1291.2,1291.120 1 0
github.com/featureform/coordinator/coordinator.go:1291.120,1293.3 1 0
github.com/featureform/coordinator/coordinator.go:1294.2,1295.46 2 0
github.com/featureform/coordinator/coordinator.go:1295.46,1297.3 1 0
github.com/featureform/coordinator/coordinator.go:1298.2,1298.12 1 0
github.com/featureform/coordinator/errors.go:12.46,14.2 1 1
github.com/featureform/coordinator/errors.go:20.54,22.2 1 0
github.com/featureform/coordinator/errors.go:28.52,30.2 1 0
github.com/featureform/filestore/filepath.go:51.46,54.2 2 0
github.com/featureform/filestore/filepath.go:56.40,57.56 1 0
github.com/featureform/filestore/filepath.go:57.56,58.29 1 0
github.com/featureform/filestore/filepath.go:58.29,60.4 1 0
github.com/featureform/filestore/filepath.go:62.2,62.14 1 0
github.com/featureform/filestore/filepath.go:65.43,68.2 2 0
github.com/featureform/filestore/filepath.go:110.66,111.19 1 0
github.com/featureform/filestore/filepath.go:112.10,113.50 1 0
github.com/featureform/filestore/filepath.go:114.13,115.31 1 0
github.com/featureform/filestore/filepath.go:116.11,117.51 1 0
github.com/featureform/filestore/filepath.go:118.14,119.82 1 0
github.com/featureform/filestore/filepath.go:120.18,121.53 1 0
github.com/featureform/filestore/filepath.go:124.12,125.52 1 0
github.com/featureform/filestore/filepath.go:126.10,127.63 1 0
github.com/featureform/filestore/filepath.go:131.65,132.19 1 0
github.com/featureform/filestore/filepath.go:133.10,134.49 1 0
github.com/featureform/filestore/filepath.go:135.13,136.31 1 0
github.com/featureform/filestore/filepath.go:137.11,138.50 1 0
github.com/featureform/filestore/filepath.go:139.14,140.82 1 0
github.com/featureform/filestore/filepath.go:141.18,142.82 1 0
github.com/featureform/filestore/filepath.go:145.12,146.51 1 0
github.com/featureform/filestore/filepath.go:147.10,148.63 1 0
github.com/featureform/filestore/filepath.go:160.52,161.48 1 0
github.com/featureform/filestore/filepath.go:161.48,163.3 1 0
github.com/featureform/filestore/filepath.go:164.2,165.12 2 0
github.com/featureform/filestore/filepath.go:168.37,170.2 1 1
github.com/featureform/filestore/filepath.go:172.52,173.18 1 0
github.com/featureform/filestore/filepath.go:173.18,175.3 1 0
github.com/featureform/filestore/filepath.go:176.2,177.12 2 0
github.com/featureform/filestore/filepath.go:180.37,182.2 1 1
github.com/featureform/filestore/filepath.go:184.46,186.15 2 0
github.com/featureform/filestore/filepath.go:186.15,188.3 1 0
github.com/featureform/filestore/filepath.go:189.2,189.12 1 0
github.com/featureform/filestore/filepath.go:192.34,194.2 1 1
github.com/featureform/filestore/filepath.go:196.40,198.2 1 1
github.com/featureform/filestore/filepath.go:200.36,205.2 2 0
github.com/featureform/filestore/filepath.go:207.36,209.2 1 0
github.com/featureform/filestore/filepath.go:211.42,213.2 1 0
github.com/featureform/filestore/filepath.go:215.34,217.2 1 1
github.com/featureform/filestore/filepath.go:219.58,221.16 2 0
github.com/featureform/filestore/filepath.go:221.16,223.3 1 0
github.com/featureform/filestore/filepath.go:224.2,224.12 1 0
github.com/featureform/filestore/filepath.go:227.57,229.16 2 0
github.com/featureform/filestore/filepath.go:229.16,231.3 1 0
github.com/featureform/filestore/filepath.go:234.2,235.34 2 0
github.com/featureform/filestore/filepath.go:235.34,237.3 1 0
github.com/featureform/filestore/filepath.go:238.2,239.12 2 0
github.com/featureform/filestore/filepath.go:242.55,243.33 1 0
github.com/featureform/filestore/filepath.go:243.33,244.18 1 0
github.com/featureform/filestore/filepath.go:244.18,246.4 1 0
github.com/featureform/filestore/filepath.go:248.2,248.83 1 0
github.com/featureform/filestore/filepath.go:251.54,254.16 2 0
github.com/featureform/filestore/filepath.go:254.16,256.3 1 0
github.com/featureform/filestore/filepath.go:258.2,265.16 5 0
github.com/featureform/filestore/filepath.go:265.16,267.3 1 0
github.com/featureform/filestore/filepath.go:267.8,269.3 1 0
github.com/featureform/filestore/filepath.go:271.2,273.20 3 0
github.com/featureform/filestore/filepath.go:273.20,275.3 1 0
github.com/featureform/filestore/filepath.go:275.8,277.3 1 0
github.com/featureform/filestore/filepath.go:278.2,278.12 1 0
github.com/featureform/filestore/filepath.go:281.36,283.2 1 0
github.com/featureform/filestore/filepath.go:285.38,286.21 1 0
github.com/featureform/filestore/filepath.go:286.21,288.3 1 0
github.com/featureform/filestore/filepath.go:289.2,289.21 1 0
github.com/featureform/filestore/filepath.go:289.21,291.3 1 0
github.com/featureform/filestore/filepath.go:291.8,293.3 1 0
github.com/featureform/filestore/filepath.go:294.2,294.18 1 0
github.com/featureform/filestore/filepath.go:294.18,296.3 1 0
github.com/featureform/filestore/filepath.go:296.8,298.3 1 0
github.com/featureform/filestore/filepath.go:299.2,300.12 2 0
github.com/featureform/filestore/filepath.go:307.40,308.76 1 1
github.com/featureform/filestore/filepath.go:308.76,310.3 1 1
github.com/featureform/filestore/filepath.go:311.2,311.21 1 1
github.com/featureform/filestore/filepath.go:311.21,313.3 1 1
github.com/featureform/filestore/filepath.go:313.8,315.3 1 1
github.com/featureform/filestore/filepath.go:316.2,316.35 1 1
github.com/featureform/filestore/filepath.go:316.35,318.3 1 1
github.com/featureform/filestore/filepath.go:318.8,320.3 1 1
github.com/featureform/filestore/filepath.go:322.2,323.12 2 1
github.com/featureform/filestore/filepath.go:326.38,328.2 1 1
github.com/featureform/filestore/filepath.go:335.44,337.2 1 1
github.com/featureform/filestore/filepath.go:341.66,343.16 2 0
github.com/featureform/filestore/filepath.go:343.16,345.3 1 0
github.com/featureform/filestore/filepath.go:348.2,350.16 3 0
github.com/featureform/filestore/filepath.go:350.16,352.3 1 0
github.com/featureform/filestore/filepath.go:353.2,357.32 5 0
github.com/featureform/filestore/filepath.go:357.32,359.3 1 0
github.com/featureform/filestore/filepath.go:359.8,361.3 1 0
github.com/featureform/filestore/filepath.go:362.2,362.12 1 0
github.com/featureform/filestore/filepath.go:365.65,367.16 2 0
github.com/featureform/filestore/filepath.go:367.16,369.3 1 0
github.com/featureform/filestore/filepath.go:370.2,372.34 3 0
github.com/featureform/filestore/filepath.go:372.34,374.3 1 0
github.com/featureform/filestore/filepath.go:375.2,375.12 1 0
github.com/featureform/filestore/filepath.go:378.46,379.32 1 1
github.com/featureform/filestore/filepath.go:379.32,381.3 1 1
github.com/featureform/filestore/filepath.go:382.2,382.32 1 1
github.com/featureform/filestore/filepath.go:382.32,384.3 1 1
github.com/featureform/filestore/filepath.go:385.2,385.24 1 1
github.com/featureform/filestore/filepath.go:385.24,387.3 1 1
github.com/featureform/filestore/filepath.go:387.8,389.3 1 1
github.com/featureform/filestore/filepath.go:390.2,390.21 1 1
github.com/featureform/filestore/filepath.go:390.21,392.3 1 1
github.com/featureform/filestore/filepath.go:392.8,394.3 1 1
github.com/featureform/filestore/filepath.go:395.2,396.12 2 1
github.com/featureform/filestore/filepath.go:403.40,405.2 1 1
github.com/featureform/filestore/filepath.go:407.42,408.27 1 1
github.com/featureform/filestore/filepath.go:408.27,410.3 1 1
github.com/featureform/filestore/filepath.go:411.2,411.22 1 1
github.com/featureform/filestore/filepath.go:411.22,413.3 1 1
github.com/featureform/filestore/filepath.go:413.8,415.3 1 1
github.com/featureform/filestore/filepath.go:416.2,416.19 1 1
github.com/featureform/filestore/filepath.go:416.19,418.3 1 0
github.com/featureform/filestore/filepath.go:418.8,420.3 1 1
github.com/featureform/filestore/filepath.go:421.2,422.12 2 1
github.com/featureform/filestore/filepath.go:429.44,430.31 1 0
github.com/featureform/filestore/filepath.go:430.31,432.3 1 0
github.com/featureform/filestore/filepath.go:433.2,433.24 1 0
github.com/featureform/filestore/filepath.go:433.24,435.3 1 0
github.com/featureform/filestore/filepath.go:436.2,436.39 1 0
github.com/featureform/filestore/filepath.go:436.39,438.3 1 0
github.com/featureform/filestore/filepath.go:440.2,440.12 1 0
github.com/featureform/filestore/filepath.go:450.60,452.2 1 0
github.com/featureform/filestore/filepath.go:454.46,455.24 1 0
github.com/featureform/filestore/filepath.go:455.24,457.3 1 0
github.com/featureform/filestore/filepath.go:458.2,458.24 1 0
github.com/featureform/filestore/filepath.go:458.24,460.3 1 0
github.com/featureform/filestore/filepath.go:461.2,461.21 1 0
github.com/featureform/filestore/filepath.go:461.21,463.3 1 0
github.com/featureform/filestore/filepath.go:463.8,465.3 1 0
github.com/featureform/filestore/filepath.go:466.2,467.12 2 0
github.com/featureform/filestore/filepath.go:481.56,482.29 1 0
github.com/featureform/filestore/filepath.go:482.29,484.3 1 0
github.com/featureform/filestore/filepath.go:485.2,485.41 1 0
github.com/featureform/filestore/filepath.go:488.55,489.29 1 0
github.com/featureform/filestore/filepath.go:489.29,491.3 1 0
github.com/featureform/filestore/filepath.go:492.2,492.60 1 0
github.com/featureform/filestore/filepath.go:498.95,499.18 1 0
github.com/featureform/filestore/filepath.go:500.33,502.17 2 0
github.com/featureform/filestore/filepath.go:502.17,504.4 1 0
github.com/featureform/filestore/filepath.go:505.3,505.20 1 0
github.com/featureform/filestore/filepath.go:506.10,507.72 1 0
github.com/featureform/filestore/filepath.go:511.72,513.29 2 0
github.com/featureform/filestore/filepath.go:513.29,520.25 2 0
github.com/featureform/filestore/filepath.go:520.25,522.4 1 0
github.com/featureform/filestore/filepath.go:525.3,531.17 4 0
github.com/featureform/filestore/filepath.go:531.17,533.4 1 0
github.com/featureform/filestore/filepath.go:534.3,534.45 1 0
github.com/featureform/filestore/filepath.go:534.45,536.4 1 0
github.com/featureform/filestore/filepath.go:536.9,538.4 1 0
github.com/featureform/filestore/filepath.go:540.2,541.26 2 0
github.com/featureform/filestore/filepath.go:541.26,543.3 1 0
github.com/featureform/filestore/filepath.go:549.2,549.39 1 0
github.com/featureform/filestore/filepath.go:549.39,551.3 1 0
github.com/featureform/filestore/filepath.go:553.2,556.8 1 0
github.com/featureform/lib/proto_utils.go:11.66,14.51 2 1
github.com/featureform/lib/proto_utils.go:14.51,16.17 2 1
github.com/featureform/lib/proto_utils.go:16.17,18.4 1 0
github.com/featureform/lib/proto_utils.go:19.3,19.25 1 1
github.com/featureform/lib/proto_utils.go:22.2,22.51 1 1
github.com/featureform/lib/proto_utils.go:22.51,24.17 2 1
github.com/featureform/lib/proto_utils.go:24.17,26.4 1 0
github.com/featureform/lib/proto_utils.go:27.3,27.25 1 1
github.com/featureform/lib/proto_utils.go:30.2,30.19 1 1
github.com/featureform/lib/proto_utils.go:30.19,32.3 1 0
github.com/featureform/lib/proto_utils.go:34.2,36.30 3 1
github.com/featureform/lib/proto_utils.go:39.55,40.22 1 1
github.com/featureform/lib/proto_utils.go:40.22,42.3 1 1
github.com/featureform/lib/proto_utils.go:44.2,44.22 1 1
github.com/featureform/lib/proto_utils.go:44.22,45.28 1 1
github.com/featureform/lib/proto_utils.go:45.28,47.4 1 1
github.com/featureform/lib/proto_utils.go:49.2,49.13 1 1
github.com/featureform/lib/slice_utils.go:9.44,11.2 1 0
github.com/featureform/lib/slice_utils.go:13.56,14.16 1 0
github.com/featureform/lib/slice_utils.go:14.16,18.3 3 0
github.com/featureform/lib/slice_utils.go:21.60,24.33 3 0
github.com/featureform/lib/slice_utils.go:24.33,25.28 1 0
github.com/featureform/lib/slice_utils.go:25.28,28.4 2 0
github.com/featureform/lib/slice_utils.go:30.2,31.14 2 0
github.com/featureform/lib/slice_utils.go:34.39,36.23 2 0
github.com/featureform/lib/slice_utils.go:36.23,38.3 1 0
github.com/featureform/lib/slice_utils.go:39.2,39.20 1 0
github.com/featureform/lib/slice_utils.go:42.48,44.26 2 1
github.com/featureform/lib/slice_utils.go:44.26,46.3 1 1
github.com/featureform/lib/slice_utils.go:47.2,47.12 1 1
github.com/featureform/kubernetes/kubernetes.go:35.71,39.44 2 0
github.com/featureform/kubernetes/kubernetes.go:39.44,41.3 1 0
github.com/featureform/kubernetes/kubernetes.go:44.2,50.43 4 0
github.com/featureform/kubernetes/kubernetes.go:50.43,52.3 1 0
github.com/featureform/kubernetes/kubernetes.go:54.2,54.67 1 0
github.com/featureform/kubernetes/kubernetes.go:57.63,58.52 1 1
github.com/featureform/kubernetes/kubernetes.go:58.52,60.3 1 1
github.com/featureform/kubernetes/kubernetes.go:61.2,62.27 2 1
github.com/featureform/kubernetes/kubernetes.go:65.68,67.2 1 1
github.com/featureform/kubernetes/kubernetes.go:69.71,71.2 1 1
github.com/featureform/kubernetes/kubernetes.go:73.61,75.2 1 1
github.com/featureform/kubernetes/kubernetes.go:77.56,79.2 1 1
github.com/featureform/kubernetes/kubernetes.go:81.56,83.2 1 1
github.com/featureform/kubernetes/kubernetes.go:85.52,87.2 1 1
github.com/featureform/kubernetes/kubernetes.go:89.50,92.2 1 1
github.com/featureform/kubernetes/kubernetes.go:94.54,96.2 1 0
github.com/featureform/kubernetes/kubernetes.go:103.71,106.36 3 1
github.com/featureform/kubernetes/kubernetes.go:106.36,109.3 2 1
github.com/featureform/kubernetes/kubernetes.go:110.2,110.20 1 1
github.com/featureform/kubernetes/kubernetes.go:113.97,119.28 3 1
github.com/featureform/kubernetes/kubernetes.go:119.28,123.3 3 0
github.com/featureform/kubernetes/kubernetes.go:124.2,124.26 1 1
github.com/featureform/kubernetes/kubernetes.go:124.26,128.3 3 0
github.com/featureform/kubernetes/kubernetes.go:129.2,129.31 1 1
github.com/featureform/kubernetes/kubernetes.go:129.31,133.3 3 0
github.com/featureform/kubernetes/kubernetes.go:134.2,134.29 1 1
github.com/featureform/kubernetes/kubernetes.go:134.29,138.3 3 0
github.com/featureform/kubernetes/kubernetes.go:139.2,139.21 1 1
github.com/featureform/kubernetes/kubernetes.go:139.21,141.3 1 0
github.com/featureform/kubernetes/kubernetes.go:142.2,142.21 1 1
github.com/featureform/kubernetes/kubernetes.go:145.98,150.48 4 1
github.com/featureform/kubernetes/kubernetes.go:150.48,152.3 1 0
github.com/featureform/kubernetes/kubernetes.go:152.8,154.3 1 1
github.com/featureform/kubernetes/kubernetes.go:156.2,160.26 4 1
github.com/featureform/kubernetes/kubernetes.go:160.26,162.3 1 0
github.com/featureform/kubernetes/kubernetes.go:162.8,164.3 1 1
github.com/featureform/kubernetes/kubernetes.go:166.2,186.3 1 1
github.com/featureform/kubernetes/kubernetes.go:219.54,221.16 2 1
github.com/featureform/kubernetes/kubernetes.go:221.16,223.3 1 1
github.com/featureform/kubernetes/kubernetes.go:224.2,224.54 1 1
github.com/featureform/kubernetes/kubernetes.go:224.54,226.3 1 1
github.com/featureform/kubernetes/kubernetes.go:227.2,227.14 1 1
github.com/featureform/kubernetes/kubernetes.go:230.54,232.16 2 1
github.com/featureform/kubernetes/kubernetes.go:232.16,234.3 1 1
github.com/featureform/kubernetes/kubernetes.go:235.2,235.133 1 1
github.com/featureform/kubernetes/kubernetes.go:238.55,241.16 3 1
github.com/featureform/kubernetes/kubernetes.go:241.16,243.3 1 1
github.com/featureform/kubernetes/kubernetes.go:245.2,246.16 2 0
github.com/featureform/kubernetes/kubernetes.go:246.16,248.3 1 0
github.com/featureform/kubernetes/kubernetes.go:249.2,250.16 2 0
github.com/featureform/kubernetes/kubernetes.go:250.16,252.3 1 0
github.com/featureform/kubernetes/kubernetes.go:253.2,254.36 2 0
github.com/featureform/kubernetes/kubernetes.go:254.36,256.41 2 0
github.com/featureform/kubernetes/kubernetes.go:256.41,258.4 1 0
github.com/featureform/kubernetes/kubernetes.go:260.2,260.19 1 0
github.com/featureform/kubernetes/kubernetes.go:260.19,262.3 1 0
github.com/featureform/kubernetes/kubernetes.go:263.2,265.16 3 0
github.com/featureform/kubernetes/kubernetes.go:265.16,267.3 1 0
github.com/featureform/kubernetes/kubernetes.go:268.2,272.16 4 0
github.com/featureform/kubernetes/kubernetes.go:272.16,274.3 1 0
github.com/featureform/kubernetes/kubernetes.go:275.2,277.12 2 0
github.com/featureform/kubernetes/kubernetes.go:280.51,282.16 2 1
github.com/featureform/kubernetes/kubernetes.go:282.16,285.3 2 1
github.com/featureform/kubernetes/kubernetes.go:286.2,287.37 2 1
github.com/featureform/kubernetes/kubernetes.go:287.37,290.47 2 1
github.com/featureform/kubernetes/kubernetes.go:290.47,291.56 1 1
github.com/featureform/kubernetes/kubernetes.go:291.56,293.5 1 0
github.com/featureform/kubernetes/kubernetes.go:294.4,294.47 1 1
github.com/featureform/kubernetes/kubernetes.go:294.47,297.5 1 1
github.com/featureform/kubernetes/kubernetes.go:301.2,301.12 1 1
github.com/featureform/kubernetes/kubernetes.go:304.50,306.16 2 1
github.com/featureform/kubernetes/kubernetes.go:306.16,308.3 1 1
github.com/featureform/kubernetes/kubernetes.go:309.2,309.27 1 1
github.com/featureform/kubernetes/kubernetes.go:309.27,311.3 1 1
github.com/featureform/kubernetes/kubernetes.go:312.2,312.12 1 1
github.com/featureform/kubernetes/kubernetes.go:315.58,317.2 1 0
github.com/featureform/kubernetes/kubernetes.go:319.46,321.2 1 0
github.com/featureform/kubernetes/kubernetes.go:323.66,324.57 1 1
github.com/featureform/kubernetes/kubernetes.go:324.57,326.3 1 1
github.com/featureform/kubernetes/kubernetes.go:327.2,327.65 1 1
github.com/featureform/kubernetes/kubernetes.go:330.68,331.72 1 1
github.com/featureform/kubernetes/kubernetes.go:331.72,333.3 1 1
github.com/featureform/kubernetes/kubernetes.go:334.2,334.12 1 1
github.com/featureform/kubernetes/kubernetes.go:337.44,339.16 2 0
github.com/featureform/kubernetes/kubernetes.go:339.16,341.3 1 0
github.com/featureform/kubernetes/kubernetes.go:342.2,342.30 1 0
github.com/featureform/kubernetes/kubernetes.go:345.42,349.2 3 0
github.com/featureform/kubernetes/kubernetes.go:351.77,353.16 2 0
github.com/featureform/kubernetes/kubernetes.go:353.16,355.3 1 0
github.com/featureform/kubernetes/kubernetes.go:356.2,358.32 3 0
github.com/featureform/kubernetes/kubernetes.go:358.32,360.3 1 0
github.com/featureform/kubernetes/kubernetes.go:360.8,362.3 1 0
github.com/featureform/kubernetes/kubernetes.go:363.2,364.16 2 0
github.com/featureform/kubernetes/kubernetes.go:364.16,366.3 1 0
github.com/featureform/kubernetes/kubernetes.go:367.2,368.16 2 0
github.com/featureform/kubernetes/kubernetes.go:368.16,370.3 1 0
github.com/featureform/kubernetes/kubernetes.go:371.2,374.8 1 0
github.com/featureform/kubernetes/kubernetes.go:383.50,385.2 1 0
github.com/featureform/kubernetes/kubernetes.go:387.54,389.2 1 0
github.com/featureform/kubernetes/kubernetes.go:391.58,393.2 1 0
github.com/featureform/kubernetes/kubernetes.go:395.69,397.2 1 0
github.com/featureform/kubernetes/kubernetes.go:399.96,401.2 1 0
github.com/featureform/kubernetes/kubernetes.go:403.63,405.2 1 0
github.com/featureform/kubernetes/kubernetes.go:407.85,411.2 3 0
github.com/featureform/kubernetes/kubernetes.go:413.100,432.127 5 0
github.com/featureform/kubernetes/kubernetes.go:432.127,434.3 1 0
github.com/featureform/kubernetes/kubernetes.go:435.2,435.12 1 0
github.com/featureform/kubernetes/kubernetes.go:438.103,451.127 2 0
github.com/featureform/kubernetes/kubernetes.go:451.127,453.3 1 0
github.com/featureform/kubernetes/kubernetes.go:454.2,454.12 1 0
github.com/featureform/kubernetes/kubernetes.go:457.83,459.16 2 0
github.com/featureform/kubernetes/kubernetes.go:459.16,461.3 1 0
github.com/featureform/kubernetes/kubernetes.go:462.2,462.45 1 0
github.com/featureform/kubernetes/kubernetes.go:465.90,467.16 2 0
github.com/featureform/kubernetes/kubernetes.go:467.16,469.3 1 0
github.com/featureform/kubernetes/kubernetes.go:470.2,471.16 2 0
github.com/featureform/kubernetes/kubernetes.go:471.16,473.3 1 0
github.com/featureform/kubernetes/kubernetes.go:474.2,474.93 1 0
github.com/featureform/kubernetes/kubernetes.go:477.55,480.30 3 0
github.com/featureform/kubernetes/kubernetes.go:481.15,482.46 1 0
github.com/featureform/kubernetes/kubernetes.go:483.16,484.47 1 0
github.com/featureform/kubernetes/kubernetes.go:485.17,486.48 1 0
github.com/featureform/kubernetes/kubernetes.go:487.10,489.33 2 0
github.com/featureform/kubernetes/kubernetes.go:491.2,491.26 1 0
github.com/featureform/helpers/compression/compression.go:13.45,20.16 3 1
github.com/featureform/helpers/compression/compression.go:20.16,22.3 1 0
github.com/featureform/helpers/compression/compression.go:23.2,26.53 3 1
github.com/featureform/helpers/compression/compression.go:26.53,28.3 1 0
github.com/featureform/helpers/compression/compression.go:30.2,30.35 1 1
github.com/featureform/helpers/string_set/string_set.go:5.47,6.21 1 1
github.com/featureform/helpers/string_set/string_set.go:6.21,7.27 1 1
github.com/featureform/helpers/string_set/string_set.go:7.27,9.4 1 1
github.com/featureform/helpers/string_set/string_set.go:11.2,11.13 1 1
github.com/featureform/helpers/dashboard.go:17.98,19.41 2 1
github.com/featureform/helpers/dashboard.go:19.41,21.3 1 1
github.com/featureform/helpers/dashboard.go:24.2,25.9 2 1
github.com/featureform/helpers/dashboard.go:25.9,27.3 1 1
github.com/featureform/helpers/dashboard.go:28.2,35.27 2 1
github.com/featureform/helpers/dashboard.go:35.27,39.3 3 1
github.com/featureform/helpers/dashboard.go:41.2,41.35 1 1
github.com/featureform/helpers/env.go:11.42,13.10 2 1
github.com/featureform/helpers/env.go:13.10,15.3 1 1
github.com/featureform/helpers/env.go:16.2,16.14 1 1
github.com/featureform/helpers/env.go:19.111,21.13 2 1
github.com/featureform/helpers/env.go:21.13,23.3 1 1
github.com/featureform/helpers/env.go:25.2,26.16 2 1
github.com/featureform/helpers/env.go:26.16,29.3 2 0
github.com/featureform/helpers/env.go:30.2,30.20 1 1
github.com/featureform/helpers/env.go:33.46,34.76 1 1
github.com/featureform/helpers/env.go:34.76,37.3 2 1
github.com/featureform/helpers/env.go:40.52,41.76 1 1
github.com/featureform/helpers/env.go:41.76,44.3 2 1
github.com/featureform/helpers/env.go:47.55,48.76 1 0
github.com/featureform/helpers/env.go:48.76,51.3 2 0
github.com/featureform/helpers/env.go:54.49,55.76 1 1
github.com/featureform/helpers/env.go:55.76,58.3 2 1
github.com/featureform/helpers/env.go:61.24,63.2 1 0
github.com/featureform/health/health.go:18.49,22.2 1 0
github.com/featureform/health/health.go:24.59,26.16 2 0
github.com/featureform/health/health.go:26.16,28.3 1 0
github.com/featureform/health/health.go:29.2,30.16 2 0
github.com/featureform/health/health.go:30.16,32.3 1 0
github.com/featureform/health/health.go:33.2,34.16 2 0
github.com/featureform/health/health.go:34.16,36.3 1 0
github.com/featureform/health/health.go:37.2,37.23 1 0
github.com/featureform/health/health.go:40.54,41.11 1 0
github.com/featureform/health/health.go:42.141,43.14 1 0
github.com/featureform/health/health.go:44.10,45.15 1 0
github.com/featureform/health/health.go:49.48,50.20 1 0
github.com/featureform/health/health.go:51.32,52.104 1 0
github.com/featureform/health/health.go:53.29,54.101 1 0
github.com/featureform/health/health.go:55.30,56.103 1 0
github.com/featureform/health/health.go:57.10,58.21 1 0
github.com/featureform/helpers/struct_map/struct_map.go:14.57,15.39 1 1
github.com/featureform/helpers/struct_map/struct_map.go:15.39,17.3 1 0
github.com/featureform/helpers/struct_map/struct_map.go:18.2,18.50 1 1
github.com/featureform/helpers/struct_map/struct_map.go:21.32,23.2 1 1
github.com/featureform/helpers/struct_map/struct_map.go:25.37,27.2 1 1
github.com/featureform/helpers/struct_map/struct_map.go:29.59,31.9 2 1
github.com/featureform/helpers/struct_map/struct_map.go:31.9,33.3 1 0
github.com/featureform/helpers/struct_map/struct_map.go:34.2,34.34 1 1
github.com/featureform/helpers/struct_map/struct_map.go:37.45,38.28 1 1
github.com/featureform/helpers/struct_map/struct_map.go:38.28,39.15 1 1
github.com/featureform/helpers/struct_map/struct_map.go:39.15,41.4 1 1
github.com/featureform/helpers/struct_map/struct_map.go:43.2,43.11 1 0
github.com/featureform/helpers/struct_map/struct_map.go:46.54,48.25 2 1
github.com/featureform/helpers/struct_map/struct_map.go:48.25,50.3 1 1
github.com/featureform/helpers/struct_map/struct_map.go:52.2,55.36 3 1
github.com/featureform/helpers/struct_map/struct_map.go:55.36,57.28 2 1
github.com/featureform/helpers/struct_map/struct_map.go:57.28,58.12 1 1
github.com/featureform/helpers/struct_map/struct_map.go:60.3,60.46 1 1
github.com/featureform/helpers/struct_map/struct_map.go:63.2,67.8 1 1
github.com/featureform/helpers/struct_iterator/struct_iterator.go:15.39,17.35 2 1
github.com/featureform/helpers/struct_iterator/struct_iterator.go:17.35,19.3 1 1
github.com/featureform/helpers/struct_iterator/struct_iterator.go:19.8,19.43 1 1
github.com/featureform/helpers/struct_iterator/struct_iterator.go:19.43,21.3 1 1
github.com/featureform/helpers/struct_iterator/struct_iterator.go:22.2,22.14 1 1
github.com/featureform/helpers/struct_iterator/struct_iterator.go:25.42,27.2 1 1
github.com/featureform/helpers/struct_iterator/struct_iterator.go:29.40,31.2 1 1
github.com/featureform/helpers/struct_iterator/struct_iterator.go:33.47,35.2 1 1
github.com/featureform/helpers/struct_iterator/struct_iterator.go:39.53,41.41 2 0
github.com/featureform/helpers/struct_iterator/struct_iterator.go:41.41,43.3 1 0
github.com/featureform/helpers/struct_iterator/struct_iterator.go:43.8,45.3 1 0
github.com/featureform/helpers/struct_iterator/struct_iterator.go:48.43,50.67 2 1
github.com/featureform/helpers/struct_iterator/struct_iterator.go:50.67,52.3 1 1
github.com/featureform/helpers/struct_iterator/struct_iterator.go:53.2,53.13 1 1
github.com/featureform/helpers/struct_iterator/struct_iterator.go:60.64,62.25 2 1
github.com/featureform/helpers/struct_iterator/struct_iterator.go:62.25,64.3 1 1
github.com/featureform/helpers/struct_iterator/struct_iterator.go:66.2,71.8 2 1
github.com/featureform/metadata/client.go:28.56,33.2 1 1
github.com/featureform/metadata/client.go:35.50,37.2 1 0
github.com/featureform/metadata/client.go:39.63,44.2 1 1
github.com/featureform/metadata/client.go:48.60,50.35 2 1
github.com/featureform/metadata/client.go:50.35,52.3 1 1
github.com/featureform/metadata/client.go:53.2,53.19 1 1
github.com/featureform/metadata/client.go:56.63,58.36 2 1
github.com/featureform/metadata/client.go:58.36,60.3 1 1
github.com/featureform/metadata/client.go:61.2,61.15 1 1
github.com/featureform/metadata/client.go:64.47,66.35 2 1
github.com/featureform/metadata/client.go:66.35,68.3 1 1
github.com/featureform/metadata/client.go:69.2,69.14 1 1
github.com/featureform/metadata/client.go:76.57,81.35 2 1
github.com/featureform/metadata/client.go:81.35,83.3 1 1
github.com/featureform/metadata/client.go:85.2,85.19 1 1
github.com/featureform/metadata/client.go:99.107,105.2 5 0
github.com/featureform/metadata/client.go:107.122,114.2 6 0
github.com/featureform/metadata/client.go:116.80,117.27 1 1
github.com/featureform/metadata/client.go:117.27,118.49 1 1
github.com/featureform/metadata/client.go:118.49,120.4 1 0
github.com/featureform/metadata/client.go:122.2,122.12 1 1
github.com/featureform/metadata/client.go:125.74,126.30 1 1
github.com/featureform/metadata/client.go:127.18,128.50 1 1
github.com/featureform/metadata/client.go:129.16,130.48 1 1
github.com/featureform/metadata/client.go:131.22,132.54 1 1
github.com/featureform/metadata/client.go:133.17,134.49 1 1
github.com/featureform/metadata/client.go:135.15,136.40 1 1
github.com/featureform/metadata/client.go:137.19,138.44 1 1
github.com/featureform/metadata/client.go:139.17,140.42 1 1
github.com/featureform/metadata/client.go:141.16,142.41 1 1
github.com/featureform/metadata/client.go:143.10,144.60 1 0
github.com/featureform/metadata/client.go:148.77,150.16 2 1
github.com/featureform/metadata/client.go:150.16,152.3 1 1
github.com/featureform/metadata/client.go:153.2,153.42 1 1
github.com/featureform/metadata/client.go:156.89,158.16 2 1
github.com/featureform/metadata/client.go:158.16,160.3 1 1
github.com/featureform/metadata/client.go:161.2,161.28 1 1
github.com/featureform/metadata/client.go:164.95,166.16 2 1
github.com/featureform/metadata/client.go:166.16,168.3 1 1
github.com/featureform/metadata/client.go:169.2,169.12 1 1
github.com/featureform/metadata/client.go:169.12,170.36 1 1
github.com/featureform/metadata/client.go:170.36,172.4 1 1
github.com/featureform/metadata/client.go:173.3,174.17 2 1
github.com/featureform/metadata/client.go:174.17,176.4 1 0
github.com/featureform/metadata/client.go:178.2,178.42 1 1
github.com/featureform/metadata/client.go:181.109,184.16 3 1
github.com/featureform/metadata/client.go:184.16,186.3 1 1
github.com/featureform/metadata/client.go:187.2,187.12 1 1
github.com/featureform/metadata/client.go:187.12,188.26 1 1
github.com/featureform/metadata/client.go:188.26,190.4 1 1
github.com/featureform/metadata/client.go:191.3,192.17 2 1
github.com/featureform/metadata/client.go:192.17,194.4 1 0
github.com/featureform/metadata/client.go:196.2,196.49 1 1
github.com/featureform/metadata/client.go:199.103,201.16 2 1
github.com/featureform/metadata/client.go:201.16,203.3 1 1
github.com/featureform/metadata/client.go:204.2,204.25 1 1
github.com/featureform/metadata/client.go:237.86,245.2 1 1
github.com/featureform/metadata/client.go:247.82,255.2 1 1
github.com/featureform/metadata/client.go:261.79,267.2 1 1
github.com/featureform/metadata/client.go:269.51,271.2 1 1
github.com/featureform/metadata/client.go:273.63,290.34 2 1
github.com/featureform/metadata/client.go:291.30,292.88 1 1
github.com/featureform/metadata/client.go:293.22,294.80 1 1
github.com/featureform/metadata/client.go:295.11,296.55 1 0
github.com/featureform/metadata/client.go:297.10,298.73 1 0
github.com/featureform/metadata/client.go:300.2,300.24 1 1
github.com/featureform/metadata/client.go:303.87,305.16 2 1
github.com/featureform/metadata/client.go:305.16,307.3 1 0
github.com/featureform/metadata/client.go:308.2,309.12 2 1
github.com/featureform/metadata/client.go:316.84,318.6 2 1
github.com/featureform/metadata/client.go:318.6,320.20 2 1
github.com/featureform/metadata/client.go:320.20,321.9 1 1
github.com/featureform/metadata/client.go:322.9,322.24 1 1
github.com/featureform/metadata/client.go:322.24,324.4 1 1
github.com/featureform/metadata/client.go:325.3,325.56 1 1
github.com/featureform/metadata/client.go:327.2,327.22 1 1
github.com/featureform/metadata/client.go:334.105,336.6 2 1
github.com/featureform/metadata/client.go:336.6,338.20 2 1
github.com/featureform/metadata/client.go:338.20,339.9 1 1
github.com/featureform/metadata/client.go:340.9,340.24 1 1
github.com/featureform/metadata/client.go:340.24,342.4 1 1
github.com/featureform/metadata/client.go:343.3,343.63 1 1
github.com/featureform/metadata/client.go:345.2,345.22 1 1
github.com/featureform/metadata/client.go:348.73,350.16 2 1
github.com/featureform/metadata/client.go:350.16,352.3 1 1
github.com/featureform/metadata/client.go:353.2,353.40 1 1
github.com/featureform/metadata/client.go:356.83,358.16 2 1
github.com/featureform/metadata/client.go:358.16,360.3 1 1
github.com/featureform/metadata/client.go:361.2,361.26 1 1
github.com/featureform/metadata/client.go:364.89,366.16 2 1
github.com/featureform/metadata/client.go:366.16,368.3 1 1
github.com/featureform/metadata/client.go:369.2,369.12 1 1
github.com/featureform/metadata/client.go:369.12,370.32 1 1
github.com/featureform/metadata/client.go:370.32,372.4 1 1
github.com/featureform/metadata/client.go:373.3,374.17 2 1
github.com/featureform/metadata/client.go:374.17,376.4 1 0
github.com/featureform/metadata/client.go:378.2,378.40 1 1
github.com/featureform/metadata/client.go:395.49,397.2 1 1
github.com/featureform/metadata/client.go:399.59,413.34 2 1
github.com/featureform/metadata/client.go:414.30,415.86 1 1
github.com/featureform/metadata/client.go:416.11,417.53 1 0
github.com/featureform/metadata/client.go:418.10,419.71 1 0
github.com/featureform/metadata/client.go:421.2,421.24 1 1
github.com/featureform/metadata/client.go:424.83,426.16 2 1
github.com/featureform/metadata/client.go:426.16,428.3 1 0
github.com/featureform/metadata/client.go:429.2,430.12 2 1
github.com/featureform/metadata/client.go:433.105,435.16 2 1
github.com/featureform/metadata/client.go:435.16,437.3 1 1
github.com/featureform/metadata/client.go:438.2,438.12 1 1
github.com/featureform/metadata/client.go:438.12,439.26 1 1
github.com/featureform/metadata/client.go:439.26,441.4 1 1
github.com/featureform/metadata/client.go:442.3,443.17 2 1
github.com/featureform/metadata/client.go:443.17,445.4 1 0
github.com/featureform/metadata/client.go:447.2,447.47 1 1
github.com/featureform/metadata/client.go:450.99,452.16 2 1
github.com/featureform/metadata/client.go:452.16,454.3 1 1
github.com/featureform/metadata/client.go:455.2,455.25 1 1
github.com/featureform/metadata/client.go:462.78,464.6 2 1
github.com/featureform/metadata/client.go:464.6,466.20 2 1
github.com/featureform/metadata/client.go:466.20,467.9 1 1
github.com/featureform/metadata/client.go:468.9,468.24 1 1
github.com/featureform/metadata/client.go:468.24,470.4 1 1
github.com/featureform/metadata/client.go:471.3,471.50 1 1
github.com/featureform/metadata/client.go:473.2,473.20 1 1
github.com/featureform/metadata/client.go:480.99,482.6 2 1
github.com/featureform/metadata/client.go:482.6,484.20 2 1
github.com/featureform/metadata/client.go:484.20,485.9 1 1
github.com/featureform/metadata/client.go:486.9,486.24 1 1
github.com/featureform/metadata/client.go:486.24,488.4 1 1
github.com/featureform/metadata/client.go:489.3,489.61 1 1
github.com/featureform/metadata/client.go:491.2,491.22 1 1
github.com/featureform/metadata/client.go:494.85,496.16 2 1
github.com/featureform/metadata/client.go:496.16,498.3 1 1
github.com/featureform/metadata/client.go:499.2,499.46 1 1
github.com/featureform/metadata/client.go:502.101,504.16 2 1
github.com/featureform/metadata/client.go:504.16,506.3 1 1
github.com/featureform/metadata/client.go:507.2,507.32 1 1
github.com/featureform/metadata/client.go:510.107,512.16 2 1
github.com/featureform/metadata/client.go:512.16,514.3 1 1
github.com/featureform/metadata/client.go:515.2,515.12 1 1
github.com/featureform/metadata/client.go:515.12,516.44 1 1
github.com/featureform/metadata/client.go:516.44,518.4 1 1
github.com/featureform/metadata/client.go:519.3,520.17 2 1
github.com/featureform/metadata/client.go:520.17,522.4 1 0
github.com/featureform/metadata/client.go:524.2,524.46 1 1
github.com/featureform/metadata/client.go:540.55,542.2 1 1
github.com/featureform/metadata/client.go:544.62,558.2 1 1
github.com/featureform/metadata/client.go:560.95,564.2 3 1
github.com/featureform/metadata/client.go:566.111,568.16 2 1
github.com/featureform/metadata/client.go:568.16,570.3 1 1
github.com/featureform/metadata/client.go:571.2,571.25 1 1
github.com/featureform/metadata/client.go:574.117,576.16 2 1
github.com/featureform/metadata/client.go:576.16,578.3 1 1
github.com/featureform/metadata/client.go:579.2,579.12 1 1
github.com/featureform/metadata/client.go:579.12,580.26 1 1
github.com/featureform/metadata/client.go:580.26,582.4 1 1
github.com/featureform/metadata/client.go:583.3,584.17 2 1
github.com/featureform/metadata/client.go:584.17,586.4 1 0
github.com/featureform/metadata/client.go:588.2,588.53 1 1
github.com/featureform/metadata/client.go:595.96,597.6 2 1
github.com/featureform/metadata/client.go:597.6,599.20 2 1
github.com/featureform/metadata/client.go:599.20,600.9 1 1
github.com/featureform/metadata/client.go:601.9,601.24 1 1
github.com/featureform/metadata/client.go:601.24,603.4 1 1
github.com/featureform/metadata/client.go:604.3,604.68 1 1
github.com/featureform/metadata/client.go:606.2,606.26 1 1
github.com/featureform/metadata/client.go:613.117,615.6 2 1
github.com/featureform/metadata/client.go:615.6,617.20 2 1
github.com/featureform/metadata/client.go:617.20,618.9 1 1
github.com/featureform/metadata/client.go:619.9,619.24 1 1
github.com/featureform/metadata/client.go:619.24,621.4 1 1
github.com/featureform/metadata/client.go:622.3,622.67 1 1
github.com/featureform/metadata/client.go:624.2,624.22 1 1
github.com/featureform/metadata/client.go:627.75,629.16 2 1
github.com/featureform/metadata/client.go:629.16,631.3 1 1
github.com/featureform/metadata/client.go:632.2,632.41 1 1
github.com/featureform/metadata/client.go:635.86,637.16 2 1
github.com/featureform/metadata/client.go:637.16,639.3 1 1
github.com/featureform/metadata/client.go:640.2,640.27 1 1
github.com/featureform/metadata/client.go:643.92,645.16 2 1
github.com/featureform/metadata/client.go:645.16,647.3 1 1
github.com/featureform/metadata/client.go:648.2,648.12 1 1
github.com/featureform/metadata/client.go:648.12,649.34 1 1
github.com/featureform/metadata/client.go:649.34,651.4 1 1
github.com/featureform/metadata/client.go:652.3,653.17 2 1
github.com/featureform/metadata/client.go:653.17,655.4 1 0
github.com/featureform/metadata/client.go:657.2,657.41 1 1
github.com/featureform/metadata/client.go:676.51,678.2 1 0
github.com/featureform/metadata/client.go:679.48,681.2 1 0
github.com/featureform/metadata/client.go:683.60,685.2 1 0
github.com/featureform/metadata/client.go:686.40,688.2 1 0
github.com/featureform/metadata/client.go:719.85,721.42 2 1
github.com/featureform/metadata/client.go:722.29,730.4 1 1
github.com/featureform/metadata/client.go:731.11,732.62 1 0
github.com/featureform/metadata/client.go:733.10,734.80 1 0
github.com/featureform/metadata/client.go:736.2,738.8 1 1
github.com/featureform/metadata/client.go:741.79,743.32 2 1
github.com/featureform/metadata/client.go:744.16,751.4 1 1
github.com/featureform/metadata/client.go:752.11,753.59 1 0
github.com/featureform/metadata/client.go:754.10,755.77 1 0
github.com/featureform/metadata/client.go:757.2,759.8 1 1
github.com/featureform/metadata/client.go:762.50,764.2 1 1
github.com/featureform/metadata/client.go:766.61,779.36 3 1
github.com/featureform/metadata/client.go:780.28,781.81 1 1
github.com/featureform/metadata/client.go:782.25,783.78 1 1
github.com/featureform/metadata/client.go:784.11,785.57 1 0
github.com/featureform/metadata/client.go:786.10,787.75 1 0
github.com/featureform/metadata/client.go:789.2,789.16 1 1
github.com/featureform/metadata/client.go:789.16,791.3 1 0
github.com/featureform/metadata/client.go:792.2,792.24 1 1
github.com/featureform/metadata/client.go:795.85,797.16 2 1
github.com/featureform/metadata/client.go:797.16,799.3 1 0
github.com/featureform/metadata/client.go:800.2,801.12 2 1
github.com/featureform/metadata/client.go:804.107,806.16 2 1
github.com/featureform/metadata/client.go:806.16,808.3 1 1
github.com/featureform/metadata/client.go:809.2,809.12 1 1
github.com/featureform/metadata/client.go:809.12,810.26 1 1
github.com/featureform/metadata/client.go:810.26,812.18 2 1
github.com/featureform/metadata/client.go:812.18,814.5 1 0
github.com/featureform/metadata/client.go:816.3,817.17 2 1
github.com/featureform/metadata/client.go:817.17,819.4 1 0
github.com/featureform/metadata/client.go:821.2,822.16 2 1
github.com/featureform/metadata/client.go:822.16,824.3 1 1
github.com/featureform/metadata/client.go:825.2,825.22 1 1
github.com/featureform/metadata/client.go:828.101,830.16 2 1
github.com/featureform/metadata/client.go:830.16,832.3 1 1
github.com/featureform/metadata/client.go:833.2,833.25 1 1
github.com/featureform/metadata/client.go:840.81,842.6 2 1
github.com/featureform/metadata/client.go:842.6,844.20 2 1
github.com/featureform/metadata/client.go:844.20,845.9 1 1
github.com/featureform/metadata/client.go:846.9,846.24 1 1
github.com/featureform/metadata/client.go:846.24,848.4 1 1
github.com/featureform/metadata/client.go:849.3,849.53 1 1
github.com/featureform/metadata/client.go:851.2,851.21 1 1
github.com/featureform/metadata/client.go:858.102,860.6 2 1
github.com/featureform/metadata/client.go:860.6,862.20 2 1
github.com/featureform/metadata/client.go:862.20,863.9 1 1
github.com/featureform/metadata/client.go:864.9,864.24 1 1
github.com/featureform/metadata/client.go:864.24,867.4 2 1
github.com/featureform/metadata/client.go:868.3,868.62 1 1
github.com/featureform/metadata/client.go:870.2,870.22 1 1
github.com/featureform/metadata/client.go:873.71,875.16 2 1
github.com/featureform/metadata/client.go:875.16,877.3 1 1
github.com/featureform/metadata/client.go:878.2,878.39 1 1
github.com/featureform/metadata/client.go:881.80,883.16 2 1
github.com/featureform/metadata/client.go:883.16,885.3 1 1
github.com/featureform/metadata/client.go:886.2,886.25 1 1
github.com/featureform/metadata/client.go:889.86,891.16 2 1
github.com/featureform/metadata/client.go:891.16,893.3 1 1
github.com/featureform/metadata/client.go:894.2,894.12 1 1
github.com/featureform/metadata/client.go:894.12,895.30 1 1
github.com/featureform/metadata/client.go:895.30,897.4 1 1
github.com/featureform/metadata/client.go:898.3,899.17 2 1
github.com/featureform/metadata/client.go:899.17,901.4 1 0
github.com/featureform/metadata/client.go:903.2,903.39 1 1
github.com/featureform/metadata/client.go:912.48,914.2 1 1
github.com/featureform/metadata/client.go:916.74,924.2 3 1
github.com/featureform/metadata/client.go:930.75,932.6 2 1
github.com/featureform/metadata/client.go:932.6,934.20 2 1
github.com/featureform/metadata/client.go:934.20,935.9 1 1
github.com/featureform/metadata/client.go:936.9,936.24 1 1
github.com/featureform/metadata/client.go:936.24,938.4 1 1
github.com/featureform/metadata/client.go:939.3,939.47 1 1
github.com/featureform/metadata/client.go:941.2,941.19 1 1
github.com/featureform/metadata/client.go:944.79,946.16 2 1
[...]
github.com/featureform/provider/value_type.go:140.62,141.29 1 1
github.com/featureform/provider/value_type.go:142.18,143.85 1 1
github.com/featureform/provider/value_type.go:144.18,145.85 1 1
github.com/featureform/provider/value_type.go:146.10,147.75 1 0
github.com/featureform/serving/features.go:24.146,37.16 6 1
github.com/featureform/serving/features.go:37.16,39.3 1 1
github.com/featureform/serving/features.go:41.2,42.33 2 1
github.com/featureform/serving/features.go:42.33,44.3 1 1
github.com/featureform/serving/features.go:45.2,45.21 1 1
github.com/featureform/serving/features.go:48.172,50.35 1 1
github.com/featureform/serving/features.go:50.35,51.41 1 1
github.com/featureform/serving/features.go:51.41,56.18 3 1
github.com/featureform/serving/features.go:56.18,60.5 3 1
github.com/featureform/serving/features.go:62.4,62.58 1 1
github.com/featureform/serving/features.go:67.145,70.6 2 1
github.com/featureform/serving/features.go:70.6,71.10 1 1
github.com/featureform/serving/features.go:72.32,74.19 2 1
github.com/featureform/serving/features.go:75.22,77.40 2 1
github.com/featureform/serving/features.go:77.40,79.48 1 1
github.com/featureform/serving/features.go:79.48,81.6 1 1
github.com/featureform/serving/features.go:82.5,82.27 1 1
github.com/featureform/serving/features.go:90.142,97.16 5 1
github.com/featureform/serving/features.go:97.16,99.3 1 1
github.com/featureform/serving/features.go:101.2,102.21 2 1
github.com/featureform/serving/features.go:103.28,104.28 1 1
github.com/featureform/serving/features.go:104.28,106.4 1 0
github.com/featureform/serving/features.go:108.3,109.17 2 1
github.com/featureform/serving/features.go:109.17,111.4 1 1
github.com/featureform/serving/features.go:112.3,112.41 1 1
github.com/featureform/serving/features.go:112.41,114.4 1 1
github.com/featureform/serving/features.go:115.32,116.51 1 1
github.com/featureform/serving/features.go:117.10,118.69 1 0
github.com/featureform/serving/features.go:121.2,121.37 1 1
github.com/featureform/serving/features.go:124.131,129.80 3 1
github.com/featureform/serving/features.go:129.80,131.3 1 0
github.com/featureform/serving/features.go:131.8,133.17 2 1
github.com/featureform/serving/features.go:133.17,137.4 3 1
github.com/featureform/serving/features.go:138.3,138.57 1 1
github.com/featureform/serving/features.go:138.57,140.4 1 1
github.com/featureform/serving/features.go:141.3,142.26 2 1
github.com/featureform/serving/features.go:146.156,150.10 4 1
github.com/featureform/serving/features.go:150.10,154.3 3 1
github.com/featureform/serving/features.go:156.2,157.16 2 1
github.com/featureform/serving/features.go:157.16,161.3 3 1
github.com/featureform/serving/features.go:163.2,164.16 2 1
github.com/featureform/serving/features.go:164.16,166.3 1 1
github.com/featureform/serving/features.go:168.2,169.16 2 1
github.com/featureform/serving/features.go:169.16,171.3 1 1
github.com/featureform/serving/features.go:172.2,172.27 1 1
github.com/featureform/serving/features.go:176.136,177.61 1 1
github.com/featureform/serving/features.go:177.61,179.3 1 0
github.com/featureform/serving/features.go:179.8,181.17 2 1
github.com/featureform/serving/features.go:181.17,183.4 1 1
github.com/featureform/serving/features.go:184.3,185.43 2 1
github.com/featureform/serving/features.go:189.136,193.16 4 1
github.com/featureform/serving/features.go:193.16,197.3 3 0
github.com/featureform/serving/features.go:198.2,199.16 2 1
github.com/featureform/serving/features.go:199.16,203.3 3 1
github.com/featureform/serving/features.go:204.2,205.16 2 1
github.com/featureform/serving/features.go:205.16,211.3 3 1
github.com/featureform/serving/features.go:212.2,212.19 1 1
github.com/featureform/serving/features.go:215.152,219.76 3 1
github.com/featureform/serving/features.go:219.76,221.3 1 0
github.com/featureform/serving/features.go:221.8,223.17 2 1
github.com/featureform/serving/features.go:223.17,227.4 3 1
github.com/featureform/serving/features.go:228.3,229.23 2 1
github.com/featureform/serving/features.go:231.2,231.26 1 1
github.com/featureform/serving/features.go:234.148,240.37 4 1
github.com/featureform/serving/features.go:240.37,242.33 1 1
github.com/featureform/serving/features.go:242.33,244.18 2 1
github.com/featureform/serving/features.go:244.18,248.5 2 1
github.com/featureform/serving/features.go:250.4,250.51 1 1
github.com/featureform/serving/features.go:255.2,256.21 2 1
github.com/featureform/serving/features.go:256.21,257.10 1 1
github.com/featureform/serving/features.go:258.23,262.19 3 1
github.com/featureform/serving/features.go:263.23,265.34 1 1
github.com/featureform/serving/features.go:268.2,268.42 1 1
github.com/featureform/serving/features.go:268.42,270.3 1 1
github.com/featureform/serving/features.go:271.2,271.21 1 1
github.com/featureform/serving/features.go:274.105,277.29 3 1
github.com/featureform/serving/features.go:277.29,279.17 2 1
github.com/featureform/serving/features.go:279.17,283.4 3 1
github.com/featureform/serving/features.go:284.3,284.68 1 1
github.com/featureform/serving/features.go:286.2,287.26 2 1
github.com/featureform/serving/serialize.go:19.48,21.16 2 1
github.com/featureform/serving/serialize.go:21.16,23.3 1 1
github.com/featureform/serving/serialize.go:24.2,24.28 1 1
github.com/featureform/serving/serialize.go:27.40,29.2 1 1
github.com/featureform/serving/serialize.go:43.22,47.2 1 1
github.com/featureform/serving/serialize.go:49.32,53.2 1 0
github.com/featureform/serving/serialize.go:55.34,59.2 1 0
github.com/featureform/serving/serialize.go:61.92,63.16 2 1
github.com/featureform/serving/serialize.go:63.16,65.3 1 1
github.com/featureform/serving/serialize.go:66.2,66.28 1 1
github.com/featureform/serving/serialize.go:69.98,71.16 2 0
github.com/featureform/serving/serialize.go:71.16,73.3 1 0
github.com/featureform/serving/serialize.go:74.2,74.28 1 0
github.com/featureform/serving/serialize.go:77.72,79.16 2 0
github.com/featureform/serving/serialize.go:79.16,81.3 1 0
github.com/featureform/serving/serialize.go:82.2,82.28 1 0
github.com/featureform/serving/serialize.go:85.70,87.29 2 1
github.com/featureform/serving/serialize.go:87.29,88.41 1 1
github.com/featureform/serving/serialize.go:88.41,90.4 1 1
github.com/featureform/serving/serialize.go:92.2,92.42 1 1
github.com/featureform/serving/serialize.go:92.42,94.3 1 1
github.com/featureform/serving/serialize.go:95.2,95.15 1 1
github.com/featureform/serving/serialize.go:98.81,100.29 2 0
github.com/featureform/serving/serialize.go:100.29,101.41 1 0
github.com/featureform/serving/serialize.go:101.41,103.4 1 0
github.com/featureform/serving/serialize.go:105.2,105.44 1 0
github.com/featureform/serving/serialize.go:105.44,107.3 1 0
github.com/featureform/serving/serialize.go:108.2,108.15 1 0
github.com/featureform/serving/serialize.go:111.50,113.2 1 1
github.com/featureform/serving/serialize.go:115.51,117.16 2 1
github.com/featureform/serving/serialize.go:117.16,119.3 1 1
github.com/featureform/serving/serialize.go:120.2,121.12 2 1
github.com/featureform/serving/serialize.go:124.55,126.16 2 1
github.com/featureform/serving/serialize.go:126.16,128.3 1 1
github.com/featureform/serving/serialize.go:129.2,130.12 2 1
github.com/featureform/serving/serialize.go:133.59,135.27 2 0
github.com/featureform/serving/serialize.go:135.27,136.41 1 0
github.com/featureform/serving/serialize.go:136.41,138.4 1 0
github.com/featureform/serving/serialize.go:140.2,140.15 1 0
github.com/featureform/serving/serialize.go:143.54,145.2 1 0
github.com/featureform/serving/serialize.go:147.53,149.16 2 0
github.com/featureform/serving/serialize.go:149.16,151.3 1 0
github.com/featureform/serving/serialize.go:152.2,153.12 2 0
github.com/featureform/serving/serialize.go:156.55,158.2 1 0
github.com/featureform/serving/serialize.go:160.58,162.16 2 0
github.com/featureform/serving/serialize.go:162.16,164.3 1 0
github.com/featureform/serving/serialize.go:165.2,166.12 2 0
github.com/featureform/serving/serialize.go:169.60,171.16 2 0
github.com/featureform/serving/serialize.go:171.16,173.3 1 0
github.com/featureform/serving/serialize.go:174.2,175.12 2 0
github.com/featureform/serving/serialize.go:182.40,184.2 1 1
github.com/featureform/serving/serialize.go:186.64,187.31 1 1
github.com/featureform/serving/serialize.go:188.14,189.25 1 1
github.com/featureform/serving/serialize.go:194.17,195.46 1 0
github.com/featureform/serving/serialize.go:196.15,197.27 1 1
github.com/featureform/serving/serialize.go:198.15,199.28 1 1
github.com/featureform/serving/serialize.go:200.11,201.25 1 1
github.com/featureform/serving/serialize.go:202.12,203.34 1 0
github.com/featureform/serving/serialize.go:204.13,205.34 1 0
github.com/featureform/serving/serialize.go:206.13,207.27 1 1
github.com/featureform/serving/serialize.go:208.13,209.27 1 1
github.com/featureform/serving/serialize.go:210.13,211.36 1 0
github.com/featureform/serving/serialize.go:212.14,213.36 1 0
github.com/featureform/serving/serialize.go:214.14,215.28 1 0
github.com/featureform/serving/serialize.go:216.14,217.28 1 0
github.com/featureform/serving/serialize.go:218.12,219.26 1 1
github.com/featureform/serving/serialize.go:220.31,221.33 1 1
github.com/featureform/serving/serialize.go:222.17,223.16 1 1
github.com/featureform/serving/serialize.go:224.11,225.25 1 0
github.com/featureform/serving/serialize.go:226.17,227.27 1 0
github.com/featureform/serving/serialize.go:228.10,229.28 1 1
github.com/featureform/serving/serialize.go:231.2,231.8 1 1
github.com/featureform/serving/serialize.go:234.39,238.2 1 1
github.com/featureform/serving/serialize.go:240.40,244.2 1 1
github.com/featureform/serving/serialize.go:246.36,250.2 1 1
github.com/featureform/serving/serialize.go:252.33,256.2 1 1
github.com/featureform/serving/serialize.go:258.37,262.2 1 1
github.com/featureform/serving/serialize.go:264.37,268.2 1 1
github.com/featureform/serving/serialize.go:270.39,274.2 1 0
github.com/featureform/serving/serialize.go:276.39,280.2 1 0
github.com/featureform/serving/serialize.go:282.35,286.2 1 1
github.com/featureform/serving/serialize.go:288.41,292.2 1 0
github.com/featureform/serving/serialize.go:294.38,298.2 1 1
github.com/featureform/serving/serialize.go:300.41,308.2 1 0
github.com/featureform/serving/serving.go:33.133,43.2 2 1
github.com/featureform/serving/serving.go:45.114,52.43 7 1
github.com/featureform/serving/serving.go:52.43,55.17 3 1
github.com/featureform/serving/serving.go:55.17,57.4 1 0
github.com/featureform/serving/serving.go:59.2,60.16 2 1
github.com/featureform/serving/serving.go:60.16,64.3 3 1
github.com/featureform/serving/serving.go:65.2,65.18 1 1
github.com/featureform/serving/serving.go:65.18,67.17 2 1
github.com/featureform/serving/serving.go:67.17,69.4 1 1
github.com/featureform/serving/serving.go:70.3,70.43 1 1
github.com/featureform/serving/serving.go:70.43,74.4 3 1
github.com/featureform/serving/serving.go:75.3,75.29 1 1
github.com/featureform/serving/serving.go:77.2,77.35 1 1
github.com/featureform/serving/serving.go:77.35,81.3 3 0
github.com/featureform/serving/serving.go:82.2,82.12 1 1
github.com/featureform/serving/serving.go:85.134,90.16 5 1
github.com/featureform/serving/serving.go:90.16,92.3 1 0
github.com/featureform/serving/serving.go:93.2,95.23 3 1
github.com/featureform/serving/serving.go:95.23,97.3 1 1
github.com/featureform/serving/serving.go:98.2,103.8 3 1
github.com/featureform/serving/serving.go:106.108,113.16 7 0
github.com/featureform/serving/serving.go:113.16,116.3 2 0
github.com/featureform/serving/serving.go:117.2,117.18 1 0
github.com/featureform/serving/serving.go:117.18,119.17 2 0
github.com/featureform/serving/serving.go:119.17,121.4 1 0
github.com/featureform/serving/serving.go:122.3,122.43 1 0
github.com/featureform/serving/serving.go:122.43,125.4 2 0
github.com/featureform/serving/serving.go:127.2,127.35 1 0
github.com/featureform/serving/serving.go:127.35,130.3 2 0
github.com/featureform/serving/serving.go:131.2,131.12 1 0
github.com/featureform/serving/serving.go:134.111,138.16 4 1
github.com/featureform/serving/serving.go:138.16,140.3 1 1
github.com/featureform/serving/serving.go:141.2,143.16 3 1
github.com/featureform/serving/serving.go:143.16,145.3 1 0
github.com/featureform/serving/serving.go:146.2,147.16 2 1
github.com/featureform/serving/serving.go:147.16,149.3 1 1
github.com/featureform/serving/serving.go:150.2,151.16 2 1
github.com/featureform/serving/serving.go:151.16,155.3 1 1
github.com/featureform/serving/serving.go:156.2,157.80 2 1
github.com/featureform/serving/serving.go:160.118,163.16 3 0
github.com/featureform/serving/serving.go:163.16,165.3 1 0
github.com/featureform/serving/serving.go:168.2,169.16 2 0
github.com/featureform/serving/serving.go:169.16,171.3 1 0
github.com/featureform/serving/serving.go:172.2,174.16 3 0
github.com/featureform/serving/serving.go:174.16,176.3 1 0
github.com/featureform/serving/serving.go:177.2,178.16 2 0
github.com/featureform/serving/serving.go:178.16,180.3 1 0
github.com/featureform/serving/serving.go:181.2,183.16 3 0
github.com/featureform/serving/serving.go:183.16,185.3 1 0
github.com/featureform/serving/serving.go:187.2,188.16 2 0
github.com/featureform/serving/serving.go:188.16,190.3 1 0
github.com/featureform/serving/serving.go:192.2,193.16 2 0
github.com/featureform/serving/serving.go:193.16,197.3 1 0
github.com/featureform/serving/serving.go:198.2,198.36 1 0
github.com/featureform/serving/serving.go:201.124,202.22 1 0
github.com/featureform/serving/serving.go:202.22,204.17 2 0
github.com/featureform/serving/serving.go:204.17,206.4 1 0
github.com/featureform/serving/serving.go:207.3,208.17 2 0
github.com/featureform/serving/serving.go:208.17,210.4 1 0
github.com/featureform/serving/serving.go:211.3,212.17 2 0
github.com/featureform/serving/serving.go:212.17,214.4 1 0
github.com/featureform/serving/serving.go:215.3,215.47 1 0
github.com/featureform/serving/serving.go:215.47,217.4 1 0
github.com/featureform/serving/serving.go:219.2,219.12 1 0
github.com/featureform/serving/serving.go:223.90,229.33 3 0
github.com/featureform/serving/serving.go:229.33,232.17 3 0
github.com/featureform/serving/serving.go:232.17,234.4 1 0
github.com/featureform/serving/serving.go:235.3,236.23 2 0
github.com/featureform/serving/serving.go:236.23,238.4 1 0
github.com/featureform/serving/serving.go:238.9,238.47 1 0
github.com/featureform/serving/serving.go:238.47,240.4 1 0
github.com/featureform/serving/serving.go:242.2,242.18 1 0
github.com/featureform/serving/serving.go:245.124,249.16 4 0
github.com/featureform/serving/serving.go:249.16,251.3 1 0
github.com/featureform/serving/serving.go:253.2,253.35 1 0
github.com/featureform/serving/serving.go:253.35,255.3 1 0
github.com/featureform/serving/serving.go:256.2,258.16 3 0
github.com/featureform/serving/serving.go:258.16,260.3 1 0
github.com/featureform/serving/serving.go:261.2,262.16 2 0
github.com/featureform/serving/serving.go:262.16,264.3 1 0
github.com/featureform/serving/serving.go:265.2,266.16 2 0
github.com/featureform/serving/serving.go:266.16,268.3 1 0
github.com/featureform/serving/serving.go:269.2,271.27 3 0
github.com/featureform/serving/serving.go:271.27,274.17 3 0
github.com/featureform/serving/serving.go:274.17,277.4 2 0
github.com/featureform/serving/serving.go:277.9,281.73 1 0
github.com/featureform/serving/serving.go:281.73,284.5 2 0
github.com/featureform/serving/serving.go:284.10,286.5 1 0
github.com/featureform/serving/serving.go:288.8,291.3 2 0
github.com/featureform/serving/serving.go:292.2,292.24 1 0
github.com/featureform/serving/serving.go:292.24,295.3 2 0
github.com/featureform/serving/serving.go:296.2,297.38 2 0
github.com/featureform/serving/serving.go:300.107,302.35 2 1
github.com/featureform/serving/serving.go:302.35,304.3 1 1
github.com/featureform/serving/serving.go:305.2,307.16 3 1
github.com/featureform/serving/serving.go:307.16,309.3 1 0
github.com/featureform/serving/serving.go:310.2,310.12 1 1
github.com/featureform/serving/serving.go:316.115,321.34 4 1
github.com/featureform/serving/serving.go:321.34,323.3 1 1
github.com/featureform/serving/serving.go:325.2,325.43 1 1
github.com/featureform/serving/serving.go:325.43,327.17 2 1
github.com/featureform/serving/serving.go:327.17,329.4 1 0
github.com/featureform/serving/serving.go:332.2,333.16 2 1
github.com/featureform/serving/serving.go:333.16,335.3 1 1
github.com/featureform/serving/serving.go:337.2,339.8 1 1
github.com/featureform/serving/serving.go:342.71,344.2 1 1
github.com/featureform/serving/serving.go:346.129,349.35 3 0
github.com/featureform/serving/serving.go:349.35,353.3 3 0
github.com/featureform/serving/serving.go:354.2,355.16 2 0
github.com/featureform/serving/serving.go:355.16,357.3 1 0
github.com/featureform/serving/serving.go:358.2,358.18 1 0
github.com/featureform/serving/serving.go:358.18,360.17 2 0
github.com/featureform/serving/serving.go:360.17,362.4 1 0
github.com/featureform/serving/serving.go:363.3,363.43 1 0
github.com/featureform/serving/serving.go:363.43,365.4 1 0
github.com/featureform/serving/serving.go:367.2,367.35 1 0
github.com/featureform/serving/serving.go:367.35,369.3 1 0
github.com/featureform/serving/serving.go:370.2,370.12 1 0
github.com/featureform/serving/serving.go:373.123,378.16 5 0
github.com/featureform/serving/serving.go:378.16,380.3 1 0
github.com/featureform/serving/serving.go:381.2,381.15 1 0
github.com/featureform/serving/serving.go:381.15,384.3 2 0
github.com/featureform/serving/serving.go:385.2,388.8 2 0
github.com/featureform/serving/serving.go:391.110,396.16 5 0
github.com/featureform/serving/serving.go:396.16,399.3 2 0
github.com/featureform/serving/serving.go:400.2,401.16 2 0
github.com/featureform/serving/serving.go:401.16,404.3 2 0
github.com/featureform/serving/serving.go:405.2,407.25 3 0
github.com/featureform/serving/serving.go:407.25,409.3 1 0
github.com/featureform/serving/serving.go:410.2,411.16 2 0
github.com/featureform/serving/serving.go:411.16,414.3 2 0
github.com/featureform/serving/serving.go:415.2,417.8 1 0
github.com/featureform/serving/serving.go:420.128,422.16 2 0
github.com/featureform/serving/serving.go:422.16,425.3 2 0
github.com/featureform/serving/serving.go:426.2,427.16 2 0
github.com/featureform/serving/serving.go:427.16,430.3 2 0
github.com/featureform/serving/serving.go:431.2,432.16 2 0
github.com/featureform/serving/serving.go:432.16,435.3 2 0
github.com/featureform/serving/serving.go:436.2,437.16 2 0
github.com/featureform/serving/serving.go:437.16,440.3 2 0
github.com/featureform/serving/serving.go:441.2,442.9 2 0
github.com/featureform/serving/serving.go:442.9,444.3 1 0
github.com/featureform/serving/serving.go:445.2,445.25 1 0
github.com/featureform/serving/serving.go:448.126,458.68 7 0
github.com/featureform/serving/serving.go:458.68,460.3 1 0
github.com/featureform/serving/serving.go:460.8,462.17 2 0
github.com/featureform/serving/serving.go:462.17,464.4 1 0
github.com/featureform/serving/serving.go:467.2,469.8 1 0
github.com/featureform/serving/serving.go:472.134,474.52 2 0
github.com/featureform/serving/serving.go:475.49,478.17 3 0
github.com/featureform/serving/serving.go:478.17,480.4 1 0
github.com/featureform/serving/serving.go:481.3,482.17 2 0
github.com/featureform/serving/serving.go:482.17,484.4 1 0
github.com/featureform/serving/serving.go:485.28,488.17 3 0
github.com/featureform/serving/serving.go:488.17,490.4 1 0
github.com/featureform/serving/serving.go:491.3,492.17 2 0
github.com/featureform/serving/serving.go:492.17,494.4 1 0
github.com/featureform/serving/serving.go:495.10,496.49 1 0
github.com/featureform/serving/serving.go:498.2,499.16 2 0
github.com/featureform/serving/serving.go:499.16,501.3 1 0
github.com/featureform/serving/serving.go:502.2,503.16 2 0
github.com/featureform/serving/serving.go:503.16,505.3 1 0
github.com/featureform/serving/serving.go:507.2,509.16 3 0
github.com/featureform/serving/serving.go:509.16,511.3 1 0
github.com/featureform/serving/serving.go:512.2,512.26 1 0
github.com/featureform/serving/serving.go:515.133,517.2 1 0
